#
# There is insufficient memory for the Java Runtime Environment to continue.
# Native memory allocation (malloc) failed to allocate 833424 bytes for Chunk::new
# Possible reasons:
#   The system is out of physical RAM or swap space
#   The process is running with CompressedOops enabled, and the Java Heap may be blocking the growth of the native heap
# Possible solutions:
#   Reduce memory load on the system
#   Increase physical memory or swap space
#   Check if swap backing store is full
#   Decrease Java heap size (-Xmx/-Xms)
#   Decrease number of Java threads
#   Decrease Java thread stack sizes (-Xss)
#   Set larger code cache with -XX:ReservedCodeCacheSize=
#   JVM is running with Zero Based Compressed Oops mode in which the Java heap is
#     placed in the first 32GB address space. The Java Heap base address is the
#     maximum limit for the native heap growth. Please use -XX:HeapBaseMinAddress
#     to set the Java Heap base and to place the Java Heap above 32GB virtual address.
# This output file may be truncated or incomplete.
#
#  Out of Memory Error (allocation.cpp:389), pid=19208, tid=0x00000000000034d8
#
# JRE version: OpenJDK Runtime Environment (8.0_412-b08) (build 1.8.0_412-b08)
# Java VM: OpenJDK 64-Bit Server VM (25.412-b08 mixed mode windows-amd64 compressed oops)
# Failed to write core dump. Minidumps are not enabled by default on client versions of Windows
#

---------------  T H R E A D  ---------------

Current thread (0x0000027cb8ead800):  JavaThread "C2 CompilerThread2" daemon [_thread_in_native, id=13528, stack(0x000000e012e00000,0x000000e012f00000)]

Stack: [0x000000e012e00000,0x000000e012f00000]
[error occurred during error reporting (printing stack bounds), id 0xc0000005]

Native frames: (J=compiled Java code, j=interpreted, Vv=VM code, C=native code)


Current CompileTask:
C2:   2020 1563       4       java.net.URLClassLoader$1::run (5 bytes)


---------------  P R O C E S S  ---------------

Java Threads: ( => current thread )
  0x0000027cb8f3e800 JavaThread "Service Thread" daemon [_thread_blocked, id=6960, stack(0x000000e013000000,0x000000e013100000)]
  0x0000027cb8ea9000 JavaThread "C1 CompilerThread3" daemon [_thread_blocked, id=23884, stack(0x000000e012f00000,0x000000e013000000)]
=>0x0000027cb8ead800 JavaThread "C2 CompilerThread2" daemon [_thread_in_native, id=13528, stack(0x000000e012e00000,0x000000e012f00000)]
  0x0000027cb8ea0800 JavaThread "C2 CompilerThread1" daemon [_thread_blocked, id=14284, stack(0x000000e012d00000,0x000000e012e00000)]
  0x0000027cb8e9e000 JavaThread "C2 CompilerThread0" daemon [_thread_blocked, id=13692, stack(0x000000e012c00000,0x000000e012d00000)]
  0x0000027cb8e98800 JavaThread "Monitor Ctrl-Break" daemon [_thread_in_native, id=16172, stack(0x000000e012b00000,0x000000e012c00000)]
  0x0000027cb69b1000 JavaThread "Attach Listener" daemon [_thread_blocked, id=17980, stack(0x000000e012a00000,0x000000e012b00000)]
  0x0000027cb69b0000 JavaThread "Signal Dispatcher" daemon [_thread_blocked, id=22604, stack(0x000000e012900000,0x000000e012a00000)]
  0x0000027cb6987800 JavaThread "Finalizer" daemon [_thread_blocked, id=7076, stack(0x000000e012800000,0x000000e012900000)]
  0x0000027cb6980000 JavaThread "Reference Handler" daemon [_thread_blocked, id=22036, stack(0x000000e012700000,0x000000e012800000)]
  0x0000027c9bbb7800 JavaThread "main" [_thread_in_vm, id=19132, stack(0x000000e011b00000,0x000000e011c00000)]

Other Threads:
  0x0000027cb6958800 VMThread [stack: 0x000000e012600000,0x000000e012700000] [id=23788]
  0x0000027cb8f40000 WatcherThread [stack: 0x000000e013100000,0x000000e013200000] [id=15152]

VM state:not at safepoint (normal execution)

VM Mutex/Monitor currently owned by a thread: None

heap address: 0x00000006c1200000, size: 4078 MB, Compressed Oops mode: Zero based, Oop shift amount: 3
Narrow klass base: 0x0000000000000000, Narrow klass shift: 3
Compressed class space size: 1073741824 Address: 0x00000007c0000000

Heap:
 PSYoungGen      total 76288K, used 54067K [0x000000076b100000, 0x0000000774600000, 0x00000007c0000000)
  eden space 65536K, 68% used [0x000000076b100000,0x000000076dcbb638,0x000000076f100000)
  from space 10752K, 86% used [0x000000076f100000,0x000000076fa11768,0x000000076fb80000)
  to   space 10752K, 0% used [0x0000000773b80000,0x0000000773b80000,0x0000000774600000)
 ParOldGen       total 175104K, used 16K [0x00000006c1200000, 0x00000006cbd00000, 0x000000076b100000)
  object space 175104K, 0% used [0x00000006c1200000,0x00000006c1204000,0x00000006cbd00000)
 Metaspace       used 16836K, capacity 17310K, committed 17408K, reserved 1064960K
  class space    used 2116K, capacity 2272K, committed 2304K, reserved 1048576K

Card table byte_map: [0x0000027caca30000,0x0000027cad230000] byte_map_base: 0x0000027ca9427000

Marking Bits: (ParMarkBitMap*) 0x000000006a093810
 Begin Bits: [0x0000027cad780000, 0x0000027cb1738000)
 End Bits:   [0x0000027cb1738000, 0x0000027cb56f0000)

Polling page: 0x0000027c9be20000

CodeCache: size=245760Kb used=6582Kb max_used=6591Kb free=239178Kb
 bounds [0x0000027c9d670000, 0x0000027c9dcf0000, 0x0000027cac670000]
 total_blobs=2300 nmethods=1924 adapters=289
 compilation: enabled

Compilation events (10 events):
Event: 1.999 Thread 0x0000027cb8ea9000 1920       3       com.google.common.collect.RegularImmutableSet::size (6 bytes)
Event: 1.999 Thread 0x0000027cb8ea9000 nmethod 1920 0x0000027c9dcde010 code [0x0000027c9dcde160, 0x0000027c9dcde2d8]
Event: 1.999 Thread 0x0000027cb8ea9000 1921       3       com.google.inject.internal.MembersInjectorStore::get (13 bytes)
Event: 2.000 Thread 0x0000027cb8ea9000 nmethod 1921 0x0000027c9dcde390 code [0x0000027c9dcde500, 0x0000027c9dcde810]
Event: 2.004 Thread 0x0000027cb8e9e000 1923       4       java.util.HashMap::put (13 bytes)
Event: 2.004 Thread 0x0000027cb8ea9000 1922       3       java.lang.Integer::valueOf (32 bytes)
Event: 2.004 Thread 0x0000027cb8ea9000 nmethod 1922 0x0000027c9dcde910 code [0x0000027c9dcdea80, 0x0000027c9dcdedd8]
Event: 2.007 Thread 0x0000027cb8ea0800 1924       4       java.util.jar.JarFile::maybeInstantiateVerifier (96 bytes)
Event: 2.009 Thread 0x0000027cb8e9e000 nmethod 1923 0x0000027c9dce2150 code [0x0000027c9dce22e0, 0x0000027c9dce2848]
Event: 2.013 Thread 0x0000027cb8ea0800 nmethod 1924 0x0000027c9dce2e90 code [0x0000027c9dce3020, 0x0000027c9dce3498]

GC Heap History (2 events):
Event: 1.234 GC heap before
{Heap before GC invocations=1 (full 0):
 PSYoungGen      total 76288K, used 65536K [0x000000076b100000, 0x0000000770600000, 0x00000007c0000000)
  eden space 65536K, 100% used [0x000000076b100000,0x000000076f100000,0x000000076f100000)
  from space 10752K, 0% used [0x000000076fb80000,0x000000076fb80000,0x0000000770600000)
  to   space 10752K, 0% used [0x000000076f100000,0x000000076f100000,0x000000076fb80000)
 ParOldGen       total 175104K, used 0K [0x00000006c1200000, 0x00000006cbd00000, 0x000000076b100000)
  object space 175104K, 0% used [0x00000006c1200000,0x00000006c1200000,0x00000006cbd00000)
 Metaspace       used 12083K, capacity 12376K, committed 12672K, reserved 1060864K
  class space    used 1466K, capacity 1563K, committed 1664K, reserved 1048576K
Event: 1.247 GC heap after
Heap after GC invocations=1 (full 0):
 PSYoungGen      total 76288K, used 9285K [0x000000076b100000, 0x0000000774600000, 0x00000007c0000000)
  eden space 65536K, 0% used [0x000000076b100000,0x000000076b100000,0x000000076f100000)
  from space 10752K, 86% used [0x000000076f100000,0x000000076fa11768,0x000000076fb80000)
  to   space 10752K, 0% used [0x0000000773b80000,0x0000000773b80000,0x0000000774600000)
 ParOldGen       total 175104K, used 16K [0x00000006c1200000, 0x00000006cbd00000, 0x000000076b100000)
  object space 175104K, 0% used [0x00000006c1200000,0x00000006c1204000,0x00000006cbd00000)
 Metaspace       used 12083K, capacity 12376K, committed 12672K, reserved 1060864K
  class space    used 1466K, capacity 1563K, committed 1664K, reserved 1048576K
}

Deoptimization events (10 events):
Event: 1.667 Thread 0x0000027c9bbb7800 Uncommon trap: reason=array_check action=maybe_recompile pc=0x0000027c9dbada94 method=java.util.stream.Nodes$FixedNodeBuilder.accept(Ljava/lang/Object;)V @ 28
Event: 1.667 Thread 0x0000027c9bbb7800 Uncommon trap: reason=array_check action=maybe_recompile pc=0x0000027c9dbada94 method=java.util.stream.Nodes$FixedNodeBuilder.accept(Ljava/lang/Object;)V @ 28
Event: 1.667 Thread 0x0000027c9bbb7800 Uncommon trap: reason=array_check action=maybe_recompile pc=0x0000027c9dbada94 method=java.util.stream.Nodes$FixedNodeBuilder.accept(Ljava/lang/Object;)V @ 28
Event: 1.667 Thread 0x0000027c9bbb7800 Uncommon trap: reason=array_check action=maybe_recompile pc=0x0000027c9dbada94 method=java.util.stream.Nodes$FixedNodeBuilder.accept(Ljava/lang/Object;)V @ 28
Event: 1.793 Thread 0x0000027c9bbb7800 Uncommon trap: reason=unstable_if action=reinterpret pc=0x0000027c9d9ae88c method=java.lang.ClassLoader.checkName(Ljava/lang/String;)Z @ 1
Event: 2.003 Thread 0x0000027c9bbb7800 Uncommon trap: reason=bimorphic action=maybe_recompile pc=0x0000027c9da633d8 method=java.util.HashMap.putVal(ILjava/lang/Object;Ljava/lang/Object;ZZ)Ljava/lang/Object; @ 203
Event: 2.004 Thread 0x0000027c9bbb7800 Uncommon trap: reason=bimorphic action=maybe_recompile pc=0x0000027c9da633d8 method=java.util.HashMap.putVal(ILjava/lang/Object;Ljava/lang/Object;ZZ)Ljava/lang/Object; @ 203
Event: 2.004 Thread 0x0000027c9bbb7800 Uncommon trap: reason=bimorphic action=maybe_recompile pc=0x0000027c9da633d8 method=java.util.HashMap.putVal(ILjava/lang/Object;Ljava/lang/Object;ZZ)Ljava/lang/Object; @ 203
Event: 2.004 Thread 0x0000027c9bbb7800 Uncommon trap: reason=bimorphic action=maybe_recompile pc=0x0000027c9da633d8 method=java.util.HashMap.putVal(ILjava/lang/Object;Ljava/lang/Object;ZZ)Ljava/lang/Object; @ 203
Event: 2.004 Thread 0x0000027c9bbb7800 Uncommon trap: reason=bimorphic action=maybe_recompile pc=0x0000027c9da66bf8 method=java.util.HashMap.putVal(ILjava/lang/Object;Ljava/lang/Object;ZZ)Ljava/lang/Object; @ 203

Classes redefined (0 events):
No events

Internal exceptions (10 events):
Event: 0.439 Thread 0x0000027c9bbb7800 Exception <a 'sun/nio/fs/WindowsException'> (0x000000076bb1c548) thrown at [C:\wsjdk\Corretto8Src\installers\windows\zip\corretto-build\buildRoot\hotspot\src\share\vm\prims\jni.cpp, line 712]
Event: 0.440 Thread 0x0000027c9bbb7800 Exception <a 'sun/nio/fs/WindowsException'> (0x000000076bb1cb88) thrown at [C:\wsjdk\Corretto8Src\installers\windows\zip\corretto-build\buildRoot\hotspot\src\share\vm\prims\jni.cpp, line 712]
Event: 0.440 Thread 0x0000027c9bbb7800 Exception <a 'sun/nio/fs/WindowsException'> (0x000000076bb1d170) thrown at [C:\wsjdk\Corretto8Src\installers\windows\zip\corretto-build\buildRoot\hotspot\src\share\vm\prims\jni.cpp, line 712]
Event: 0.546 Thread 0x0000027c9bbb7800 Exception <a 'java/lang/NoSuchMethodError': java.lang.Object.lambda$identity$2(Ljava/lang/Object;)Ljava/lang/Object;> (0x000000076bf5c9b0) thrown at [C:\wsjdk\Corretto8Src\installers\windows\zip\corretto-build\buildRoot\hotspot\src\share\vm\interpreter\li
Event: 0.550 Thread 0x0000027c9bbb7800 Exception <a 'java/lang/NoSuchMethodError': java.lang.Object.lambda$andThen$1(Ljava/util/function/Function;Ljava/lang/Object;)Ljava/lang/Object;> (0x000000076bf925e0) thrown at [C:\wsjdk\Corretto8Src\installers\windows\zip\corretto-build\buildRoot\hotspot
Event: 0.763 Thread 0x0000027c9bbb7800 Exception <a 'java/lang/NoSuchMethodError': java.lang.Object.lambda$comparing$77a9974f$1(Ljava/util/function/Function;Ljava/lang/Object;Ljava/lang/Object;)I> (0x000000076cc540d8) thrown at [C:\wsjdk\Corretto8Src\installers\windows\zip\corretto-build\build
Event: 0.765 Thread 0x0000027c9bbb7800 Exception <a 'java/lang/NoSuchMethodError': java.lang.Object.lambda$comparing$ea9a8b3a$1(Ljava/util/Comparator;Ljava/util/function/Function;Ljava/lang/Object;Ljava/lang/Object;)I> (0x000000076cc66288) thrown at [C:\wsjdk\Corretto8Src\installers\windows\zi
Event: 0.765 Thread 0x0000027c9bbb7800 Exception <a 'java/lang/NoSuchMethodError': java.lang.Object.lambda$thenComparing$36697e65$1(Ljava/util/Comparator;Ljava/lang/Object;Ljava/lang/Object;)I> (0x000000076cc6e5d0) thrown at [C:\wsjdk\Corretto8Src\installers\windows\zip\corretto-build\buildRoo
Event: 0.853 Thread 0x0000027c9bbb7800 Exception <a 'java/lang/NoClassDefFoundError': javax/enterprise/inject/Typed> (0x000000076d1288b8) thrown at [C:\wsjdk\Corretto8Src\installers\windows\zip\corretto-build\buildRoot\hotspot\src\share\vm\classfile\systemDictionary.cpp, line 206]
Event: 1.793 Thread 0x0000027c9bbb7800 Implicit null exception at 0x0000027c9d9ae6cc to 0x0000027c9d9ae87d

Events (10 events):
Event: 2.016 loading class com/google/inject/internal/Initializer$1
Event: 2.016 loading class com/google/inject/internal/Initializer$1 done
Event: 2.017 loading class com/google/inject/internal/InternalContext
Event: 2.017 loading class com/google/inject/internal/InternalContext done
Event: 2.017 loading class com/google/inject/internal/MembersInjectorImpl$1
Event: 2.017 loading class com/google/inject/internal/MembersInjectorImpl$1 done
Event: 2.018 loading class com/google/inject/internal/ProvisionListenerStackCallback$Provision
Event: 2.018 loading class com/google/inject/internal/ProvisionListenerStackCallback$Provision done
Event: 2.018 loading class com/google/inject/spi/ProvisionListener$ProvisionInvocation
Event: 2.018 loading class com/google/inject/spi/ProvisionListener$ProvisionInvocation done


Dynamic libraries:
0x00007ff60c6f0000 - 0x00007ff60c736000 	C:\Users\jackt\.jdks\corretto-1.8.0_412\bin\java.exe
0x00007ffe3e710000 - 0x00007ffe3e927000 	C:\Windows\SYSTEM32\ntdll.dll
0x00007ffe3cc80000 - 0x00007ffe3cd44000 	C:\Windows\System32\KERNEL32.DLL
0x00007ffe3bcd0000 - 0x00007ffe3c07c000 	C:\Windows\System32\KERNELBASE.dll
0x00007ffe3c450000 - 0x00007ffe3c502000 	C:\Windows\System32\ADVAPI32.dll
0x00007ffe3c8c0000 - 0x00007ffe3c967000 	C:\Windows\System32\msvcrt.dll
0x00007ffe3cb50000 - 0x00007ffe3cbfa000 	C:\Windows\System32\sechost.dll
0x00007ffe3ba40000 - 0x00007ffe3ba68000 	C:\Windows\System32\bcrypt.dll
0x00007ffe3e210000 - 0x00007ffe3e325000 	C:\Windows\System32\RPCRT4.dll
0x00007ffe3d610000 - 0x00007ffe3d7be000 	C:\Windows\System32\USER32.dll
0x00007ffe3bb80000 - 0x00007ffe3bba6000 	C:\Windows\System32\win32u.dll
0x00007ffe3d840000 - 0x00007ffe3d869000 	C:\Windows\System32\GDI32.dll
0x00007ffe3bbb0000 - 0x00007ffe3bcc9000 	C:\Windows\System32\gdi32full.dll
0x00007ffe3ba70000 - 0x00007ffe3bb0a000 	C:\Windows\System32\msvcp_win.dll
0x00007ffe3c270000 - 0x00007ffe3c381000 	C:\Windows\System32\ucrtbase.dll
0x00007ffe1a980000 - 0x00007ffe1ac13000 	C:\Windows\WinSxS\amd64_microsoft.windows.common-controls_6595b64144ccf1df_6.0.22621.3672_none_2713b9d173822955\COMCTL32.dll
0x00007ffe3c970000 - 0x00007ffe3c9a1000 	C:\Windows\System32\IMM32.DLL
0x00007ffe2ad60000 - 0x00007ffe2ad75000 	C:\Users\jackt\.jdks\corretto-1.8.0_412\jre\bin\vcruntime140.dll
0x00007ffe23470000 - 0x00007ffe2350b000 	C:\Users\jackt\.jdks\corretto-1.8.0_412\jre\bin\msvcp140.dll
0x00000000698b0000 - 0x000000006a10c000 	C:\Users\jackt\.jdks\corretto-1.8.0_412\jre\bin\server\jvm.dll
0x00007ffe3d290000 - 0x00007ffe3d298000 	C:\Windows\System32\PSAPI.DLL
0x00007ffe278b0000 - 0x00007ffe278b9000 	C:\Windows\SYSTEM32\WSOCK32.dll
0x00007ffe3d7c0000 - 0x00007ffe3d831000 	C:\Windows\System32\WS2_32.dll
0x00007ffe327c0000 - 0x00007ffe327ca000 	C:\Windows\SYSTEM32\VERSION.dll
0x00007ffe2d340000 - 0x00007ffe2d374000 	C:\Windows\SYSTEM32\WINMM.dll
0x00007ffe3aa70000 - 0x00007ffe3aa88000 	C:\Windows\SYSTEM32\kernel.appcore.dll
0x00007ffe37a70000 - 0x00007ffe37a80000 	C:\Users\jackt\.jdks\corretto-1.8.0_412\jre\bin\verify.dll
0x00007ffe24240000 - 0x00007ffe2426b000 	C:\Users\jackt\.jdks\corretto-1.8.0_412\jre\bin\java.dll
0x00007ffe23430000 - 0x00007ffe23462000 	C:\Users\jackt\.jdks\corretto-1.8.0_412\jre\bin\instrument.dll
0x00007ffe23370000 - 0x00007ffe23388000 	C:\Users\jackt\.jdks\corretto-1.8.0_412\jre\bin\zip.dll
0x00007ffe3d8d0000 - 0x00007ffe3e12c000 	C:\Windows\System32\SHELL32.dll
0x00007ffe39990000 - 0x00007ffe3a287000 	C:\Windows\SYSTEM32\windows.storage.dll
0x00007ffe3e340000 - 0x00007ffe3e6c8000 	C:\Windows\System32\combase.dll
0x00007ffe39850000 - 0x00007ffe3998f000 	C:\Windows\SYSTEM32\wintypes.dll
0x00007ffe3d2a0000 - 0x00007ffe3d394000 	C:\Windows\System32\SHCORE.dll
0x00007ffe3d1d0000 - 0x00007ffe3d22e000 	C:\Windows\System32\shlwapi.dll
0x00007ffe3b970000 - 0x00007ffe3b991000 	C:\Windows\SYSTEM32\profapi.dll
0x00007ffe231e0000 - 0x00007ffe231fa000 	C:\Program Files\JetBrains\IntelliJ IDEA 2024.1.2\bin\breakgen64.dll
0x00007ffe21360000 - 0x00007ffe2137c000 	C:\Users\jackt\.jdks\corretto-1.8.0_412\jre\bin\net.dll
0x00007ffe3aee0000 - 0x00007ffe3af49000 	C:\Windows\system32\mswsock.dll
0x00007ffe20ba0000 - 0x00007ffe20bb3000 	C:\Users\jackt\.jdks\corretto-1.8.0_412\jre\bin\nio.dll
0x0000000000a10000 - 0x0000000000a34000 	C:\Users\jackt\AppData\Local\Temp\jansi-2.4.0-573fec6e8022ce0a-jansi.dll

VM Arguments:
jvm_args: -Dmaven.multiModuleProjectDirectory=C:\Users\jackt\IdeaProjects\legacy-mystaria -Djansi.passthrough=true -Dmaven.home=C:\Program Files\JetBrains\IntelliJ IDEA 2024.1.2\plugins\maven\lib\maven3 -Dclassworlds.conf=C:\Program Files\JetBrains\IntelliJ IDEA 2024.1.2\plugins\maven\lib\maven3\bin\m2.conf -Dmaven.ext.class.path=C:\Program Files\JetBrains\IntelliJ IDEA 2024.1.2\plugins\maven\lib\maven-event-listener.jar -javaagent:C:\Program Files\JetBrains\IntelliJ IDEA 2024.1.2\lib\idea_rt.jar=58086:C:\Program Files\JetBrains\IntelliJ IDEA 2024.1.2\bin -Dfile.encoding=UTF-8 
java_command: org.codehaus.classworlds.Launcher -Didea.version=2024.1.2 package
java_class_path (initial): C:\Program Files\JetBrains\IntelliJ IDEA 2024.1.2\plugins\maven\lib\maven3\boot\plexus-classworlds-2.7.0.jar;C:\Program Files\JetBrains\IntelliJ IDEA 2024.1.2\plugins\maven\lib\maven3\boot\plexus-classworlds.license;C:\Program Files\JetBrains\IntelliJ IDEA 2024.1.2\lib\idea_rt.jar
Launcher Type: SUN_STANDARD

Environment Variables:
PATH=C:\Program Files (x86)\Common Files\Oracle\Java\java8path;C:\Program Files (x86)\Common Files\Oracle\Java\javapath;C:\Windows\system32;C:\Windows;C:\Windows\System32\Wbem;C:\Windows\System32\WindowsPowerShell\v1.0\;C:\Windows\System32\OpenSSH\;C:\Program Files\Git\cmd;C:\Program Files (x86)\Windows Kits\10\Windows Performance Toolkit\;C:\Program Files\dotnet\;C:\Users\jackt\AppData\Local\Programs\Python\Python312\Scripts;C:\Users\jackt\AppData\Local\Programs\Python\Launcher\;C:\Users\jackt\AppData\Local\Microsoft\WindowsApps;C:\Users\jackt\.dotnet\tools
USERNAME=jackt
OS=Windows_NT
PROCESSOR_IDENTIFIER=AMD64 Family 25 Model 33 Stepping 2, AuthenticAMD



---------------  S Y S T E M  ---------------

OS: Windows 11 , 64 bit Build 22621 (10.0.22621.3672)

CPU:total 12 (initial active 12) (12 cores per cpu, 1 threads per core) family 25 model 33 stepping 2, cmov, cx8, fxsr, mmx, sse, sse2, sse3, ssse3, sse4.1, sse4.2, popcnt, avx, avx2, aes, clmul, erms, mmxext, 3dnowpref, lzcnt, sse4a, tsc, tscinvbit, tscinv, bmi1

Memory: 4k page, physical 16698392k(692436k free), swap 27446556k(5224k free)

vm_info: OpenJDK 64-Bit Server VM (25.412-b08) for windows-amd64 JRE (1.8.0_412-b08), built on Apr 10 2024 19:24:07 by "Administrator" with MS VC++ 15.9 (VS2017)

time: Wed Jul  3 03:51:17 2024
timezone: Central Standard Time
elapsed time: 2.024348 seconds (0d 0h 0m 2s)

