#
# There is insufficient memory for the Java Runtime Environment to continue.
# Native memory allocation (malloc) failed to allocate 1304256 bytes for Chunk::new
# Possible reasons:
#   The system is out of physical RAM or swap space
#   The process is running with CompressedOops enabled, and the Java Heap may be blocking the growth of the native heap
# Possible solutions:
#   Reduce memory load on the system
#   Increase physical memory or swap space
#   Check if swap backing store is full
#   Decrease Java heap size (-Xmx/-Xms)
#   Decrease number of Java threads
#   Decrease Java thread stack sizes (-Xss)
#   Set larger code cache with -XX:ReservedCodeCacheSize=
#   JVM is running with Zero Based Compressed Oops mode in which the Java heap is
#     placed in the first 32GB address space. The Java Heap base address is the
#     maximum limit for the native heap growth. Please use -XX:HeapBaseMinAddress
#     to set the Java Heap base and to place the Java Heap above 32GB virtual address.
# This output file may be truncated or incomplete.
#
#  Out of Memory Error (allocation.cpp:389), pid=5208, tid=0x00000000000030ac
#
# JRE version: OpenJDK Runtime Environment (8.0_412-b08) (build 1.8.0_412-b08)
# Java VM: OpenJDK 64-Bit Server VM (25.412-b08 mixed mode windows-amd64 compressed oops)
# Failed to write core dump. Minidumps are not enabled by default on client versions of Windows
#

---------------  T H R E A D  ---------------

Current thread (0x0000012d47e59000):  JavaThread "C2 CompilerThread2" daemon [_thread_in_native, id=12460, stack(0x0000002913500000,0x0000002913600000)]

Stack: [0x0000002913500000,0x0000002913600000]
[error occurred during error reporting (printing stack bounds), id 0xc0000005]

Native frames: (J=compiled Java code, j=interpreted, Vv=VM code, C=native code)


Current CompileTask:
C2:   9380 5442   !   4       lombok.javac.JavacAST::drill (146 bytes)


---------------  P R O C E S S  ---------------

Java Threads: ( => current thread )
  0x0000012d47ef3000 JavaThread "Service Thread" daemon [_thread_blocked, id=15236, stack(0x0000002913700000,0x0000002913800000)]
  0x0000012d47e5c000 JavaThread "C1 CompilerThread3" daemon [_thread_blocked, id=18056, stack(0x0000002913600000,0x0000002913700000)]
=>0x0000012d47e59000 JavaThread "C2 CompilerThread2" daemon [_thread_in_native, id=12460, stack(0x0000002913500000,0x0000002913600000)]
  0x0000012d47e51800 JavaThread "C2 CompilerThread1" daemon [_thread_in_native, id=20028, stack(0x0000002913400000,0x0000002913500000)]
  0x0000012d47e4e800 JavaThread "C2 CompilerThread0" daemon [_thread_in_native, id=4316, stack(0x0000002913300000,0x0000002913400000)]
  0x0000012d47e49000 JavaThread "Monitor Ctrl-Break" daemon [_thread_in_native, id=15700, stack(0x0000002913200000,0x0000002913300000)]
  0x0000012d46611800 JavaThread "Attach Listener" daemon [_thread_blocked, id=3220, stack(0x0000002913100000,0x0000002913200000)]
  0x0000012d46610800 JavaThread "Signal Dispatcher" daemon [_thread_blocked, id=7428, stack(0x0000002913000000,0x0000002913100000)]
  0x0000012d465e2800 JavaThread "Finalizer" daemon [_thread_blocked, id=23920, stack(0x0000002912f00000,0x0000002913000000)]
  0x0000012d465db000 JavaThread "Reference Handler" daemon [_thread_blocked, id=22668, stack(0x0000002912e00000,0x0000002912f00000)]
  0x0000012d2ac37800 JavaThread "main" [_thread_in_Java, id=24156, stack(0x0000002912200000,0x0000002912300000)]

Other Threads:
  0x0000012d465b4000 VMThread [stack: 0x0000002912d00000,0x0000002912e00000] [id=13456]
  0x0000012d47ef4000 WatcherThread [stack: 0x0000002913800000,0x0000002913900000] [id=11808]

VM state:not at safepoint (normal execution)

VM Mutex/Monitor currently owned by a thread: None

heap address: 0x00000006c1200000, size: 4078 MB, Compressed Oops mode: Zero based, Oop shift amount: 3
Narrow klass base: 0x0000000000000000, Narrow klass shift: 3
Compressed class space size: 1073741824 Address: 0x00000007c0000000

Heap:
 PSYoungGen      total 230400K, used 228770K [0x000000076b100000, 0x000000077c400000, 0x00000007c0000000)
  eden space 219648K, 99% used [0x000000076b100000,0x00000007785eb6f0,0x0000000778780000)
  from space 10752K, 99% used [0x000000077af00000,0x000000077b97d490,0x000000077b980000)
  to   space 8704K, 0% used [0x000000077bb80000,0x000000077bb80000,0x000000077c400000)
 ParOldGen       total 108032K, used 42549K [0x00000006c1200000, 0x00000006c7b80000, 0x000000076b100000)
  object space 108032K, 39% used [0x00000006c1200000,0x00000006c3b8d5f8,0x00000006c7b80000)
 Metaspace       used 28426K, capacity 29368K, committed 29568K, reserved 1075200K
  class space    used 3363K, capacity 3619K, committed 3712K, reserved 1048576K

Card table byte_map: [0x0000012d3b970000,0x0000012d3c170000] byte_map_base: 0x0000012d38367000

Marking Bits: (ParMarkBitMap*) 0x000000006a093810
 Begin Bits: [0x0000012d3c6c0000, 0x0000012d40678000)
 End Bits:   [0x0000012d40678000, 0x0000012d44630000)

Polling page: 0x0000012d2add0000

CodeCache: size=245760Kb used=18873Kb max_used=18873Kb free=226886Kb
 bounds [0x0000012d2c5b0000, 0x0000012d2d840000, 0x0000012d3b5b0000]
 total_blobs=5497 nmethods=5054 adapters=354
 compilation: enabled

Compilation events (10 events):
Event: 9.238 Thread 0x0000012d47e5c000 5500       3       lombok.core.TypeResolver::typeRefToFullyQualifiedName (487 bytes)
Event: 9.240 Thread 0x0000012d47e5c000 nmethod 5500 0x0000012d2d824650 code [0x0000012d2d824ba0, 0x0000012d2d828ad0]
Event: 9.244 Thread 0x0000012d47e5c000 5501       3       lombok.javac.JavacAST::buildCompilationUnit (74 bytes)
Event: 9.245 Thread 0x0000012d47e5c000 nmethod 5501 0x0000012d2d82a890 code [0x0000012d2d82ab00, 0x0000012d2d82bcf0]
Event: 9.344 Thread 0x0000012d47e5c000 5502       3       lombok.javac.JavacAST::buildType (203 bytes)
Event: 9.346 Thread 0x0000012d47e5c000 nmethod 5502 0x0000012d2d82c5d0 code [0x0000012d2d82cac0, 0x0000012d2d8304a0]
Event: 9.346 Thread 0x0000012d47e5c000 5503       3       lombok.javac.JavacASTAdapter::visitType (1 bytes)
Event: 9.346 Thread 0x0000012d47e5c000 nmethod 5503 0x0000012d2d831f90 code [0x0000012d2d8320e0, 0x0000012d2d832238]
Event: 9.353 Thread 0x0000012d47e5c000 5504       1       com.sun.tools.javac.tree.JCTree$JCLambda::getBody (5 bytes)
Event: 9.353 Thread 0x0000012d47e5c000 nmethod 5504 0x0000012d2d8322d0 code [0x0000012d2d832420, 0x0000012d2d832538]

GC Heap History (10 events):
Event: 2.745 GC heap before
{Heap before GC invocations=2 (full 0):
 PSYoungGen      total 76288K, used 74636K [0x000000076b100000, 0x0000000774600000, 0x00000007c0000000)
  eden space 65536K, 100% used [0x000000076b100000,0x000000076f100000,0x000000076f100000)
  from space 10752K, 84% used [0x000000076f100000,0x000000076f9e30d0,0x000000076fb80000)
  to   space 10752K, 0% used [0x0000000773b80000,0x0000000773b80000,0x0000000774600000)
 ParOldGen       total 175104K, used 16K [0x00000006c1200000, 0x00000006cbd00000, 0x000000076b100000)
  object space 175104K, 0% used [0x00000006c1200000,0x00000006c1204000,0x00000006cbd00000)
 Metaspace       used 19439K, capacity 20044K, committed 20352K, reserved 1067008K
  class space    used 2413K, capacity 2571K, committed 2688K, reserved 1048576K
Event: 2.767 GC heap after
Heap after GC invocations=2 (full 0):
 PSYoungGen      total 141824K, used 10735K [0x000000076b100000, 0x0000000774600000, 0x00000007c0000000)
  eden space 131072K, 0% used [0x000000076b100000,0x000000076b100000,0x0000000773100000)
  from space 10752K, 99% used [0x0000000773b80000,0x00000007745fbf20,0x0000000774600000)
  to   space 10752K, 0% used [0x0000000773100000,0x0000000773100000,0x0000000773b80000)
 ParOldGen       total 175104K, used 757K [0x00000006c1200000, 0x00000006cbd00000, 0x000000076b100000)
  object space 175104K, 0% used [0x00000006c1200000,0x00000006c12bd458,0x00000006cbd00000)
 Metaspace       used 19439K, capacity 20044K, committed 20352K, reserved 1067008K
  class space    used 2413K, capacity 2571K, committed 2688K, reserved 1048576K
}
Event: 3.450 GC heap before
{Heap before GC invocations=3 (full 0):
 PSYoungGen      total 141824K, used 47940K [0x000000076b100000, 0x0000000774600000, 0x00000007c0000000)
  eden space 131072K, 28% used [0x000000076b100000,0x000000076d5551d0,0x0000000773100000)
  from space 10752K, 99% used [0x0000000773b80000,0x00000007745fbf20,0x0000000774600000)
  to   space 10752K, 0% used [0x0000000773100000,0x0000000773100000,0x0000000773b80000)
 ParOldGen       total 175104K, used 757K [0x00000006c1200000, 0x00000006cbd00000, 0x000000076b100000)
  object space 175104K, 0% used [0x00000006c1200000,0x00000006c12bd458,0x00000006cbd00000)
 Metaspace       used 20427K, capacity 21114K, committed 21248K, reserved 1067008K
  class space    used 2510K, capacity 2710K, committed 2816K, reserved 1048576K
Event: 3.462 GC heap after
Heap after GC invocations=3 (full 0):
 PSYoungGen      total 141824K, used 9361K [0x000000076b100000, 0x000000077c600000, 0x00000007c0000000)
  eden space 131072K, 0% used [0x000000076b100000,0x000000076b100000,0x0000000773100000)
  from space 10752K, 87% used [0x0000000773100000,0x0000000773a24488,0x0000000773b80000)
  to   space 10752K, 0% used [0x000000077bb80000,0x000000077bb80000,0x000000077c600000)
 ParOldGen       total 175104K, used 765K [0x00000006c1200000, 0x00000006cbd00000, 0x000000076b100000)
  object space 175104K, 0% used [0x00000006c1200000,0x00000006c12bf458,0x00000006cbd00000)
 Metaspace       used 20427K, capacity 21114K, committed 21248K, reserved 1067008K
  class space    used 2510K, capacity 2710K, committed 2816K, reserved 1048576K
}
Event: 3.462 GC heap before
{Heap before GC invocations=4 (full 1):
 PSYoungGen      total 141824K, used 9361K [0x000000076b100000, 0x000000077c600000, 0x00000007c0000000)
  eden space 131072K, 0% used [0x000000076b100000,0x000000076b100000,0x0000000773100000)
  from space 10752K, 87% used [0x0000000773100000,0x0000000773a24488,0x0000000773b80000)
  to   space 10752K, 0% used [0x000000077bb80000,0x000000077bb80000,0x000000077c600000)
 ParOldGen       total 175104K, used 765K [0x00000006c1200000, 0x00000006cbd00000, 0x000000076b100000)
  object space 175104K, 0% used [0x00000006c1200000,0x00000006c12bf458,0x00000006cbd00000)
 Metaspace       used 20427K, capacity 21114K, committed 21248K, reserved 1067008K
  class space    used 2510K, capacity 2710K, committed 2816K, reserved 1048576K
Event: 3.512 GC heap after
Heap after GC invocations=4 (full 1):
 PSYoungGen      total 141824K, used 0K [0x000000076b100000, 0x000000077c600000, 0x00000007c0000000)
  eden space 131072K, 0% used [0x000000076b100000,0x000000076b100000,0x0000000773100000)
  from space 10752K, 0% used [0x0000000773100000,0x0000000773100000,0x0000000773b80000)
  to   space 10752K, 0% used [0x000000077bb80000,0x000000077bb80000,0x000000077c600000)
 ParOldGen       total 108032K, used 9029K [0x00000006c1200000, 0x00000006c7b80000, 0x000000076b100000)
  object space 108032K, 8% used [0x00000006c1200000,0x00000006c1ad1630,0x00000006c7b80000)
 Metaspace       used 20427K, capacity 21114K, committed 21248K, reserved 1067008K
  class space    used 2510K, capacity 2710K, committed 2816K, reserved 1048576K
}
Event: 3.639 GC heap before
{Heap before GC invocations=5 (full 1):
 PSYoungGen      total 141824K, used 119987K [0x000000076b100000, 0x000000077c600000, 0x00000007c0000000)
  eden space 131072K, 91% used [0x000000076b100000,0x000000077262cf38,0x0000000773100000)
  from space 10752K, 0% used [0x0000000773100000,0x0000000773100000,0x0000000773b80000)
  to   space 10752K, 0% used [0x000000077bb80000,0x000000077bb80000,0x000000077c600000)
 ParOldGen       total 108032K, used 9029K [0x00000006c1200000, 0x00000006c7b80000, 0x000000076b100000)
  object space 108032K, 8% used [0x00000006c1200000,0x00000006c1ad1630,0x00000006c7b80000)
 Metaspace       used 20954K, capacity 21670K, committed 21760K, reserved 1069056K
  class space    used 2577K, capacity 2786K, committed 2816K, reserved 1048576K
Event: 3.653 GC heap after
Heap after GC invocations=5 (full 1):
 PSYoungGen      total 228352K, used 8509K [0x000000076b100000, 0x000000077c400000, 0x00000007c0000000)
  eden space 219648K, 0% used [0x000000076b100000,0x000000076b100000,0x0000000778780000)
  from space 8704K, 97% used [0x000000077bb80000,0x000000077c3cf608,0x000000077c400000)
  to   space 10752K, 0% used [0x000000077af00000,0x000000077af00000,0x000000077b980000)
 ParOldGen       total 108032K, used 20557K [0x00000006c1200000, 0x00000006c7b80000, 0x000000076b100000)
  object space 108032K, 19% used [0x00000006c1200000,0x00000006c2613640,0x00000006c7b80000)
 Metaspace       used 20954K, capacity 21670K, committed 21760K, reserved 1069056K
  class space    used 2577K, capacity 2786K, committed 2816K, reserved 1048576K
}
Event: 6.245 GC heap before
{Heap before GC invocations=6 (full 1):
 PSYoungGen      total 228352K, used 228157K [0x000000076b100000, 0x000000077c400000, 0x00000007c0000000)
  eden space 219648K, 100% used [0x000000076b100000,0x0000000778780000,0x0000000778780000)
  from space 8704K, 97% used [0x000000077bb80000,0x000000077c3cf608,0x000000077c400000)
  to   space 10752K, 0% used [0x000000077af00000,0x000000077af00000,0x000000077b980000)
 ParOldGen       total 108032K, used 20557K [0x00000006c1200000, 0x00000006c7b80000, 0x000000076b100000)
  object space 108032K, 19% used [0x00000006c1200000,0x00000006c2613640,0x00000006c7b80000)
 Metaspace       used 26018K, capacity 26882K, committed 27008K, reserved 1073152K
  class space    used 3149K, capacity 3348K, committed 3456K, reserved 1048576K
Event: 6.270 GC heap after
Heap after GC invocations=6 (full 1):
 PSYoungGen      total 230400K, used 10741K [0x000000076b100000, 0x000000077c400000, 0x00000007c0000000)
  eden space 219648K, 0% used [0x000000076b100000,0x000000076b100000,0x0000000778780000)
  from space 10752K, 99% used [0x000000077af00000,0x000000077b97d490,0x000000077b980000)
  to   space 8704K, 0% used [0x000000077bb80000,0x000000077bb80000,0x000000077c400000)
 ParOldGen       total 108032K, used 42549K [0x00000006c1200000, 0x00000006c7b80000, 0x000000076b100000)
  object space 108032K, 39% used [0x00000006c1200000,0x00000006c3b8d5f8,0x00000006c7b80000)
 Metaspace       used 26018K, capacity 26882K, committed 27008K, reserved 1073152K
  class space    used 3149K, capacity 3348K, committed 3456K, reserved 1048576K
}

Deoptimization events (10 events):
Event: 8.916 Thread 0x0000012d2ac37800 Uncommon trap: reason=class_check action=maybe_recompile pc=0x0000012d2cf5ed48 method=java.util.Collections$UnmodifiableMap$UnmodifiableEntrySet$UnmodifiableEntry.getValue()Ljava/lang/Object; @ 4
Event: 8.916 Thread 0x0000012d2ac37800 Uncommon trap: reason=class_check action=maybe_recompile pc=0x0000012d2cf0ead0 method=java.util.Collections$UnmodifiableMap$UnmodifiableEntrySet$1.hasNext()Z @ 4
Event: 8.916 Thread 0x0000012d2ac37800 Uncommon trap: reason=class_check action=maybe_recompile pc=0x0000012d2cf1b9c4 method=java.util.Collections$UnmodifiableMap$UnmodifiableEntrySet$1.next()Ljava/util/Map$Entry; @ 8
Event: 8.916 Thread 0x0000012d2ac37800 Uncommon trap: reason=class_check action=maybe_recompile pc=0x0000012d2cf85cc8 method=java.util.Collections$UnmodifiableMap$UnmodifiableEntrySet$UnmodifiableEntry.getKey()Ljava/lang/Object; @ 4
Event: 8.917 Thread 0x0000012d2ac37800 Uncommon trap: reason=class_check action=maybe_recompile pc=0x0000012d2cf5ed48 method=java.util.Collections$UnmodifiableMap$UnmodifiableEntrySet$UnmodifiableEntry.getValue()Ljava/lang/Object; @ 4
Event: 8.917 Thread 0x0000012d2ac37800 Uncommon trap: reason=class_check action=maybe_recompile pc=0x0000012d2cf0ead0 method=java.util.Collections$UnmodifiableMap$UnmodifiableEntrySet$1.hasNext()Z @ 4
Event: 8.917 Thread 0x0000012d2ac37800 Uncommon trap: reason=class_check action=maybe_recompile pc=0x0000012d2cf1b9c4 method=java.util.Collections$UnmodifiableMap$UnmodifiableEntrySet$1.next()Ljava/util/Map$Entry; @ 8
Event: 8.917 Thread 0x0000012d2ac37800 Uncommon trap: reason=class_check action=maybe_recompile pc=0x0000012d2cf85cc8 method=java.util.Collections$UnmodifiableMap$UnmodifiableEntrySet$UnmodifiableEntry.getKey()Ljava/lang/Object; @ 4
Event: 8.917 Thread 0x0000012d2ac37800 Uncommon trap: reason=class_check action=maybe_recompile pc=0x0000012d2cf5ed48 method=java.util.Collections$UnmodifiableMap$UnmodifiableEntrySet$UnmodifiableEntry.getValue()Ljava/lang/Object; @ 4
Event: 8.920 Thread 0x0000012d2ac37800 Uncommon trap: reason=unstable_if action=reinterpret pc=0x0000012d2d25cfc8 method=java.io.WinNTFileSystem.resolve(Ljava/lang/String;Ljava/lang/String;)Ljava/lang/String; @ 117

Classes redefined (0 events):
No events

Internal exceptions (10 events):
Event: 7.639 Thread 0x0000012d2ac37800 Exception <a 'java/security/PrivilegedActionException'> (0x000000077366cc10) thrown at [C:\wsjdk\Corretto8Src\installers\windows\zip\corretto-build\buildRoot\hotspot\src\share\vm\prims\jvm.cpp, line 1514]
Event: 7.639 Thread 0x0000012d2ac37800 Exception <a 'java/security/PrivilegedActionException'> (0x000000077366d1f0) thrown at [C:\wsjdk\Corretto8Src\installers\windows\zip\corretto-build\buildRoot\hotspot\src\share\vm\prims\jvm.cpp, line 1514]
Event: 7.639 Thread 0x0000012d2ac37800 Exception <a 'java/security/PrivilegedActionException'> (0x000000077366e898) thrown at [C:\wsjdk\Corretto8Src\installers\windows\zip\corretto-build\buildRoot\hotspot\src\share\vm\prims\jvm.cpp, line 1514]
Event: 7.639 Thread 0x0000012d2ac37800 Exception <a 'java/security/PrivilegedActionException'> (0x000000077366ee78) thrown at [C:\wsjdk\Corretto8Src\installers\windows\zip\corretto-build\buildRoot\hotspot\src\share\vm\prims\jvm.cpp, line 1514]
Event: 7.639 Thread 0x0000012d2ac37800 Exception <a 'java/security/PrivilegedActionException'> (0x0000000773670668) thrown at [C:\wsjdk\Corretto8Src\installers\windows\zip\corretto-build\buildRoot\hotspot\src\share\vm\prims\jvm.cpp, line 1514]
Event: 7.639 Thread 0x0000012d2ac37800 Exception <a 'java/security/PrivilegedActionException'> (0x0000000773670c48) thrown at [C:\wsjdk\Corretto8Src\installers\windows\zip\corretto-build\buildRoot\hotspot\src\share\vm\prims\jvm.cpp, line 1514]
Event: 7.639 Thread 0x0000012d2ac37800 Exception <a 'java/security/PrivilegedActionException'> (0x0000000773672260) thrown at [C:\wsjdk\Corretto8Src\installers\windows\zip\corretto-build\buildRoot\hotspot\src\share\vm\prims\jvm.cpp, line 1514]
Event: 7.639 Thread 0x0000012d2ac37800 Exception <a 'java/security/PrivilegedActionException'> (0x0000000773672840) thrown at [C:\wsjdk\Corretto8Src\installers\windows\zip\corretto-build\buildRoot\hotspot\src\share\vm\prims\jvm.cpp, line 1514]
Event: 7.639 Thread 0x0000012d2ac37800 Exception <a 'java/security/PrivilegedActionException'> (0x0000000773673f80) thrown at [C:\wsjdk\Corretto8Src\installers\windows\zip\corretto-build\buildRoot\hotspot\src\share\vm\prims\jvm.cpp, line 1514]
Event: 7.639 Thread 0x0000012d2ac37800 Exception <a 'java/security/PrivilegedActionException'> (0x0000000773674560) thrown at [C:\wsjdk\Corretto8Src\installers\windows\zip\corretto-build\buildRoot\hotspot\src\share\vm\prims\jvm.cpp, line 1514]

Events (10 events):
Event: 8.917 Thread 0x0000012d2ac37800 DEOPT UNPACKING pc=0x0000012d2c5f5583 sp=0x00000029122fc960 mode 2
Event: 8.920 Thread 0x0000012d2ac37800 Uncommon trap: trap_request=0xffffff65 fr.pc=0x0000012d2d25cfc8
Event: 8.920 Thread 0x0000012d2ac37800 DEOPT PACKING pc=0x0000012d2d25cfc8 sp=0x00000029122fd1d0
Event: 8.920 Thread 0x0000012d2ac37800 DEOPT UNPACKING pc=0x0000012d2c5f5583 sp=0x00000029122fd190 mode 2
Event: 8.945 loading class com/sun/tools/javac/tree/JCTree$JCMemberReference$ReferenceKind
Event: 8.945 loading class com/sun/tools/javac/tree/JCTree$JCMemberReference$ReferenceKind done
Event: 8.945 loading class com/sun/tools/javac/tree/JCTree$JCMemberReference$OverloadKind
Event: 8.945 loading class com/sun/tools/javac/tree/JCTree$JCMemberReference$OverloadKind done
Event: 8.946 loading class com/sun/source/tree/LambdaExpressionTree$BodyKind
Event: 8.946 loading class com/sun/source/tree/LambdaExpressionTree$BodyKind done


Dynamic libraries:
0x00007ff60c6f0000 - 0x00007ff60c736000 	C:\Users\jackt\.jdks\corretto-1.8.0_412\bin\java.exe
0x00007ffe3e710000 - 0x00007ffe3e927000 	C:\Windows\SYSTEM32\ntdll.dll
0x00007ffe3cc80000 - 0x00007ffe3cd44000 	C:\Windows\System32\KERNEL32.DLL
0x00007ffe3bcd0000 - 0x00007ffe3c07c000 	C:\Windows\System32\KERNELBASE.dll
0x00007ffe3c450000 - 0x00007ffe3c502000 	C:\Windows\System32\ADVAPI32.dll
0x00007ffe3c8c0000 - 0x00007ffe3c967000 	C:\Windows\System32\msvcrt.dll
0x00007ffe3cb50000 - 0x00007ffe3cbfa000 	C:\Windows\System32\sechost.dll
0x00007ffe3ba40000 - 0x00007ffe3ba68000 	C:\Windows\System32\bcrypt.dll
0x00007ffe3e210000 - 0x00007ffe3e325000 	C:\Windows\System32\RPCRT4.dll
0x00007ffe3d610000 - 0x00007ffe3d7be000 	C:\Windows\System32\USER32.dll
0x00007ffe3bb80000 - 0x00007ffe3bba6000 	C:\Windows\System32\win32u.dll
0x00007ffe3d840000 - 0x00007ffe3d869000 	C:\Windows\System32\GDI32.dll
0x00007ffe3bbb0000 - 0x00007ffe3bcc9000 	C:\Windows\System32\gdi32full.dll
0x00007ffe3ba70000 - 0x00007ffe3bb0a000 	C:\Windows\System32\msvcp_win.dll
0x00007ffe3c270000 - 0x00007ffe3c381000 	C:\Windows\System32\ucrtbase.dll
0x00007ffe1a980000 - 0x00007ffe1ac13000 	C:\Windows\WinSxS\amd64_microsoft.windows.common-controls_6595b64144ccf1df_6.0.22621.3672_none_2713b9d173822955\COMCTL32.dll
0x00007ffe3c970000 - 0x00007ffe3c9a1000 	C:\Windows\System32\IMM32.DLL
0x00007ffe2ad60000 - 0x00007ffe2ad75000 	C:\Users\jackt\.jdks\corretto-1.8.0_412\jre\bin\vcruntime140.dll
0x00007ffe23470000 - 0x00007ffe2350b000 	C:\Users\jackt\.jdks\corretto-1.8.0_412\jre\bin\msvcp140.dll
0x00000000698b0000 - 0x000000006a10c000 	C:\Users\jackt\.jdks\corretto-1.8.0_412\jre\bin\server\jvm.dll
0x00007ffe3d290000 - 0x00007ffe3d298000 	C:\Windows\System32\PSAPI.DLL
0x00007ffe278b0000 - 0x00007ffe278b9000 	C:\Windows\SYSTEM32\WSOCK32.dll
0x00007ffe3d7c0000 - 0x00007ffe3d831000 	C:\Windows\System32\WS2_32.dll
0x00007ffe327c0000 - 0x00007ffe327ca000 	C:\Windows\SYSTEM32\VERSION.dll
0x00007ffe2d340000 - 0x00007ffe2d374000 	C:\Windows\SYSTEM32\WINMM.dll
0x00007ffe3aa70000 - 0x00007ffe3aa88000 	C:\Windows\SYSTEM32\kernel.appcore.dll
0x00007ffe37a70000 - 0x00007ffe37a80000 	C:\Users\jackt\.jdks\corretto-1.8.0_412\jre\bin\verify.dll
0x00007ffe24240000 - 0x00007ffe2426b000 	C:\Users\jackt\.jdks\corretto-1.8.0_412\jre\bin\java.dll
0x00007ffe23430000 - 0x00007ffe23462000 	C:\Users\jackt\.jdks\corretto-1.8.0_412\jre\bin\instrument.dll
0x00007ffe23370000 - 0x00007ffe23388000 	C:\Users\jackt\.jdks\corretto-1.8.0_412\jre\bin\zip.dll
0x00007ffe3d8d0000 - 0x00007ffe3e12c000 	C:\Windows\System32\SHELL32.dll
0x00007ffe39990000 - 0x00007ffe3a287000 	C:\Windows\SYSTEM32\windows.storage.dll
0x00007ffe3e340000 - 0x00007ffe3e6c8000 	C:\Windows\System32\combase.dll
0x00007ffe39850000 - 0x00007ffe3998f000 	C:\Windows\SYSTEM32\wintypes.dll
0x00007ffe3d2a0000 - 0x00007ffe3d394000 	C:\Windows\System32\SHCORE.dll
0x00007ffe3d1d0000 - 0x00007ffe3d22e000 	C:\Windows\System32\shlwapi.dll
0x00007ffe3b970000 - 0x00007ffe3b991000 	C:\Windows\SYSTEM32\profapi.dll
0x00007ffe231e0000 - 0x00007ffe231fa000 	C:\Program Files\JetBrains\IntelliJ IDEA 2024.1.2\bin\breakgen64.dll
0x00007ffe21360000 - 0x00007ffe2137c000 	C:\Users\jackt\.jdks\corretto-1.8.0_412\jre\bin\net.dll
0x00007ffe3aee0000 - 0x00007ffe3af49000 	C:\Windows\system32\mswsock.dll
0x00007ffe20ba0000 - 0x00007ffe20bb3000 	C:\Users\jackt\.jdks\corretto-1.8.0_412\jre\bin\nio.dll
0x00000000009c0000 - 0x00000000009e4000 	C:\Users\jackt\AppData\Local\Temp\jansi-2.4.0-7202421834fe03e1-jansi.dll

VM Arguments:
jvm_args: -Dmaven.multiModuleProjectDirectory=C:\Users\jackt\IdeaProjects\legacy-mystaria -Djansi.passthrough=true -Dmaven.home=C:\Program Files\JetBrains\IntelliJ IDEA 2024.1.2\plugins\maven\lib\maven3 -Dclassworlds.conf=C:\Program Files\JetBrains\IntelliJ IDEA 2024.1.2\plugins\maven\lib\maven3\bin\m2.conf -Dmaven.ext.class.path=C:\Program Files\JetBrains\IntelliJ IDEA 2024.1.2\plugins\maven\lib\maven-event-listener.jar -javaagent:C:\Program Files\JetBrains\IntelliJ IDEA 2024.1.2\lib\idea_rt.jar=58084:C:\Program Files\JetBrains\IntelliJ IDEA 2024.1.2\bin -Dfile.encoding=UTF-8 
java_command: org.codehaus.classworlds.Launcher -Didea.version=2024.1.2 package
java_class_path (initial): C:\Program Files\JetBrains\IntelliJ IDEA 2024.1.2\plugins\maven\lib\maven3\boot\plexus-classworlds-2.7.0.jar;C:\Program Files\JetBrains\IntelliJ IDEA 2024.1.2\plugins\maven\lib\maven3\boot\plexus-classworlds.license;C:\Program Files\JetBrains\IntelliJ IDEA 2024.1.2\lib\idea_rt.jar
Launcher Type: SUN_STANDARD

Environment Variables:
PATH=C:\Program Files (x86)\Common Files\Oracle\Java\java8path;C:\Program Files (x86)\Common Files\Oracle\Java\javapath;C:\Windows\system32;C:\Windows;C:\Windows\System32\Wbem;C:\Windows\System32\WindowsPowerShell\v1.0\;C:\Windows\System32\OpenSSH\;C:\Program Files\Git\cmd;C:\Program Files (x86)\Windows Kits\10\Windows Performance Toolkit\;C:\Program Files\dotnet\;C:\Users\jackt\AppData\Local\Programs\Python\Python312\Scripts;C:\Users\jackt\AppData\Local\Programs\Python\Launcher\;C:\Users\jackt\AppData\Local\Microsoft\WindowsApps;C:\Users\jackt\.dotnet\tools
USERNAME=jackt
OS=Windows_NT
PROCESSOR_IDENTIFIER=AMD64 Family 25 Model 33 Stepping 2, AuthenticAMD



---------------  S Y S T E M  ---------------

OS: Windows 11 , 64 bit Build 22621 (10.0.22621.3672)

CPU:total 12 (initial active 12) (12 cores per cpu, 1 threads per core) family 25 model 33 stepping 2, cmov, cx8, fxsr, mmx, sse, sse2, sse3, ssse3, sse4.1, sse4.2, popcnt, avx, avx2, aes, clmul, erms, mmxext, 3dnowpref, lzcnt, sse4a, tsc, tscinvbit, tscinv, bmi1

Memory: 4k page, physical 16698392k(462408k free), swap 27446556k(5180k free)

vm_info: OpenJDK 64-Bit Server VM (25.412-b08) for windows-amd64 JRE (1.8.0_412-b08), built on Apr 10 2024 19:24:07 by "Administrator" with MS VC++ 15.9 (VS2017)

time: Wed Jul  3 03:51:11 2024
timezone: Central Standard Time
elapsed time: 9.384484 seconds (0d 0h 0m 9s)

