#
# There is insufficient memory for the Java Runtime Environment to continue.
# Native memory allocation (malloc) failed to allocate 230736 bytes for Chunk::new
# Possible reasons:
#   The system is out of physical RAM or swap space
#   The process is running with CompressedOops enabled, and the Java Heap may be blocking the growth of the native heap
# Possible solutions:
#   Reduce memory load on the system
#   Increase physical memory or swap space
#   Check if swap backing store is full
#   Decrease Java heap size (-Xmx/-Xms)
#   Decrease number of Java threads
#   Decrease Java thread stack sizes (-Xss)
#   Set larger code cache with -XX:ReservedCodeCacheSize=
#   JVM is running with Zero Based Compressed Oops mode in which the Java heap is
#     placed in the first 32GB address space. The Java Heap base address is the
#     maximum limit for the native heap growth. Please use -XX:HeapBaseMinAddress
#     to set the Java Heap base and to place the Java Heap above 32GB virtual address.
# This output file may be truncated or incomplete.
#
#  Out of Memory Error (allocation.cpp:389), pid=7308, tid=0x0000000000003d14
#
# JRE version: OpenJDK Runtime Environment (8.0_412-b08) (build 1.8.0_412-b08)
# Java VM: OpenJDK 64-Bit Server VM (25.412-b08 mixed mode windows-amd64 compressed oops)
# Failed to write core dump. Minidumps are not enabled by default on client versions of Windows
#

---------------  T H R E A D  ---------------

Current thread (0x000001d87f6ff000):  JavaThread "C2 CompilerThread1" daemon [_thread_in_native, id=15636, stack(0x0000004bc5a00000,0x0000004bc5b00000)]

Stack: [0x0000004bc5a00000,0x0000004bc5b00000]
[error occurred during error reporting (printing stack bounds), id 0xc0000005]

Native frames: (J=compiled Java code, j=interpreted, Vv=VM code, C=native code)


Current CompileTask:
C2:   7459 7313   !   4       com.sun.tools.javac.code.Types$MembersClosureCache::visitClassType (216 bytes)


---------------  P R O C E S S  ---------------

Java Threads: ( => current thread )
  0x000001d87f7af000 JavaThread "Service Thread" daemon [_thread_blocked, id=11180, stack(0x0000004bc5d00000,0x0000004bc5e00000)]
  0x000001d87f707000 JavaThread "C1 CompilerThread3" daemon [_thread_in_native, id=12356, stack(0x0000004bc5c00000,0x0000004bc5d00000)]
  0x000001d87f706000 JavaThread "C2 CompilerThread2" daemon [_thread_in_native, id=16352, stack(0x0000004bc5b00000,0x0000004bc5c00000)]
=>0x000001d87f6ff000 JavaThread "C2 CompilerThread1" daemon [_thread_in_native, id=15636, stack(0x0000004bc5a00000,0x0000004bc5b00000)]
  0x000001d87f6fc000 JavaThread "C2 CompilerThread0" daemon [_thread_in_native, id=24048, stack(0x0000004bc5900000,0x0000004bc5a00000)]
  0x000001d87f6f8800 JavaThread "Monitor Ctrl-Break" daemon [_thread_in_native, id=11860, stack(0x0000004bc5800000,0x0000004bc5900000)]
  0x000001d87dee2800 JavaThread "Attach Listener" daemon [_thread_blocked, id=7956, stack(0x0000004bc5700000,0x0000004bc5800000)]
  0x000001d87dee1800 JavaThread "Signal Dispatcher" daemon [_thread_blocked, id=14744, stack(0x0000004bc5600000,0x0000004bc5700000)]
  0x000001d87deb4800 JavaThread "Finalizer" daemon [_thread_blocked, id=7456, stack(0x0000004bc5500000,0x0000004bc5600000)]
  0x000001d87dead800 JavaThread "Reference Handler" daemon [_thread_blocked, id=20000, stack(0x0000004bc5400000,0x0000004bc5500000)]
  0x000001d86a468800 JavaThread "main" [_thread_in_Java, id=14444, stack(0x0000004bc4800000,0x0000004bc4900000)]

Other Threads:
  0x000001d87de86800 VMThread [stack: 0x0000004bc5300000,0x0000004bc5400000] [id=25888]
  0x000001d87f7b1000 WatcherThread [stack: 0x0000004bc5e00000,0x0000004bc5f00000] [id=20784]

VM state:not at safepoint (normal execution)

VM Mutex/Monitor currently owned by a thread: None

heap address: 0x00000006c1200000, size: 4078 MB, Compressed Oops mode: Zero based, Oop shift amount: 3
Narrow klass base: 0x0000000000000000, Narrow klass shift: 3
Compressed class space size: 1073741824 Address: 0x00000007c0000000

Heap:
 PSYoungGen      total 564736K, used 176926K [0x000000076b100000, 0x000000078fd00000, 0x00000007c0000000)
  eden space 539648K, 28% used [0x000000076b100000,0x00000007745d94c0,0x000000078c000000)
  from space 25088K, 97% used [0x000000078e480000,0x000000078fc6e6c0,0x000000078fd00000)
  to   space 31232K, 0% used [0x000000078c000000,0x000000078c000000,0x000000078de80000)
 ParOldGen       total 110592K, used 68588K [0x00000006c1200000, 0x00000006c7e00000, 0x000000076b100000)
  object space 110592K, 62% used [0x00000006c1200000,0x00000006c54fb318,0x00000006c7e00000)
 Metaspace       used 30672K, capacity 31602K, committed 31744K, reserved 1077248K
  class space    used 3556K, capacity 3785K, committed 3840K, reserved 1048576K

Card table byte_map: [0x000001d87b200000,0x000001d87ba00000] byte_map_base: 0x000001d877bf7000

Marking Bits: (ParMarkBitMap*) 0x000000006a093810
 Begin Bits: [0x000001d800000000, 0x000001d803fb8000)
 End Bits:   [0x000001d803fb8000, 0x000001d807f70000)

Polling page: 0x000001d86a5b0000

CodeCache: size=245760Kb used=23861Kb max_used=24725Kb free=221898Kb
 bounds [0x000001d86be40000, 0x000001d86d690000, 0x000001d87ae40000]
 total_blobs=6579 nmethods=6134 adapters=357
 compilation: enabled

Compilation events (10 events):
Event: 7.443 Thread 0x000001d87f707000 nmethod 7332 0x000001d86ccf57d0 code [0x000001d86ccf5920, 0x000001d86ccf5af8]
Event: 7.443 Thread 0x000001d87f707000 7336       3       com.sun.tools.javac.jvm.ClassFile$NameAndType::equals (44 bytes)
Event: 7.444 Thread 0x000001d87f707000 nmethod 7336 0x000001d86cab0ad0 code [0x000001d86cab0ca0, 0x000001d86cab1770]
Event: 7.446 Thread 0x000001d87f707000 7337       3       com.sun.tools.javac.comp.Check$ClashFilter::<init> (15 bytes)
Event: 7.446 Thread 0x000001d87f707000 nmethod 7337 0x000001d86ce4e250 code [0x000001d86ce4e3a0, 0x000001d86ce4e598]
Event: 7.448 Thread 0x000001d87f707000 7339       3       com.sun.tools.javac.comp.Resolve$AbstractMethodCheck::argumentsAcceptable (288 bytes)
Event: 7.449 Thread 0x000001d87f707000 nmethod 7339 0x000001d86ce0a390 code [0x000001d86ce0a660, 0x000001d86ce0c360]
Event: 7.451 Thread 0x000001d87f707000 7340   !   3       com.sun.tools.javac.comp.Attr::visitMethodDef (1198 bytes)
Event: 7.457 Thread 0x000001d87f707000 nmethod 7340 0x000001d86cfe7790 code [0x000001d86cfe8320, 0x000001d86cff27e0]
Event: 7.457 Thread 0x000001d87f707000 7341       3       com.sun.tools.javac.comp.Check::checkOverride (293 bytes)

GC Heap History (10 events):
Event: 2.618 GC heap before
{Heap before GC invocations=7 (full 1):
 PSYoungGen      total 139776K, used 137020K [0x000000076b100000, 0x0000000779580000, 0x00000007c0000000)
  eden space 129024K, 99% used [0x000000076b100000,0x0000000772eef0f0,0x0000000772f00000)
  from space 10752K, 75% used [0x0000000772f00000,0x00000007736e0030,0x0000000773980000)
  to   space 12288K, 0% used [0x0000000778980000,0x0000000778980000,0x0000000779580000)
 ParOldGen       total 110592K, used 20688K [0x00000006c1200000, 0x00000006c7e00000, 0x000000076b100000)
  object space 110592K, 18% used [0x00000006c1200000,0x00000006c2634370,0x00000006c7e00000)
 Metaspace       used 25858K, capacity 26690K, committed 27008K, reserved 1073152K
  class space    used 3146K, capacity 3348K, committed 3456K, reserved 1048576K
Event: 2.629 GC heap after
Heap after GC invocations=7 (full 1):
 PSYoungGen      total 219136K, used 12283K [0x000000076b100000, 0x000000077b800000, 0x00000007c0000000)
  eden space 206848K, 0% used [0x000000076b100000,0x000000076b100000,0x0000000777b00000)
  from space 12288K, 99% used [0x0000000778980000,0x000000077957ee20,0x0000000779580000)
  to   space 14848K, 0% used [0x0000000777b00000,0x0000000777b00000,0x0000000778980000)
 ParOldGen       total 110592K, used 23232K [0x00000006c1200000, 0x00000006c7e00000, 0x000000076b100000)
  object space 110592K, 21% used [0x00000006c1200000,0x00000006c28b0238,0x00000006c7e00000)
 Metaspace       used 25858K, capacity 26690K, committed 27008K, reserved 1073152K
  class space    used 3146K, capacity 3348K, committed 3456K, reserved 1048576K
}
Event: 4.038 GC heap before
{Heap before GC invocations=8 (full 1):
 PSYoungGen      total 219136K, used 219131K [0x000000076b100000, 0x000000077b800000, 0x00000007c0000000)
  eden space 206848K, 100% used [0x000000076b100000,0x0000000777b00000,0x0000000777b00000)
  from space 12288K, 99% used [0x0000000778980000,0x000000077957ee20,0x0000000779580000)
  to   space 14848K, 0% used [0x0000000777b00000,0x0000000777b00000,0x0000000778980000)
 ParOldGen       total 110592K, used 23232K [0x00000006c1200000, 0x00000006c7e00000, 0x000000076b100000)
  object space 110592K, 21% used [0x00000006c1200000,0x00000006c28b0238,0x00000006c7e00000)
 Metaspace       used 27714K, capacity 28710K, committed 28928K, reserved 1075200K
  class space    used 3299K, capacity 3552K, committed 3584K, reserved 1048576K
Event: 4.057 GC heap after
Heap after GC invocations=8 (full 1):
 PSYoungGen      total 221696K, used 14831K [0x000000076b100000, 0x0000000785f80000, 0x00000007c0000000)
  eden space 206848K, 0% used [0x000000076b100000,0x000000076b100000,0x0000000777b00000)
  from space 14848K, 99% used [0x0000000777b00000,0x000000077897bfc0,0x0000000778980000)
  to   space 31744K, 0% used [0x0000000784080000,0x0000000784080000,0x0000000785f80000)
 ParOldGen       total 110592K, used 53858K [0x00000006c1200000, 0x00000006c7e00000, 0x000000076b100000)
  object space 110592K, 48% used [0x00000006c1200000,0x00000006c4698918,0x00000006c7e00000)
 Metaspace       used 27714K, capacity 28710K, committed 28928K, reserved 1075200K
  class space    used 3299K, capacity 3552K, committed 3584K, reserved 1048576K
}
Event: 4.441 GC heap before
{Heap before GC invocations=9 (full 1):
 PSYoungGen      total 221696K, used 221679K [0x000000076b100000, 0x0000000785f80000, 0x00000007c0000000)
  eden space 206848K, 100% used [0x000000076b100000,0x0000000777b00000,0x0000000777b00000)
  from space 14848K, 99% used [0x0000000777b00000,0x000000077897bfc0,0x0000000778980000)
  to   space 31744K, 0% used [0x0000000784080000,0x0000000784080000,0x0000000785f80000)
 ParOldGen       total 110592K, used 53858K [0x00000006c1200000, 0x00000006c7e00000, 0x000000076b100000)
  object space 110592K, 48% used [0x00000006c1200000,0x00000006c4698918,0x00000006c7e00000)
 Metaspace       used 28469K, capacity 29432K, committed 29824K, reserved 1075200K
  class space    used 3366K, capacity 3619K, committed 3712K, reserved 1048576K
Event: 4.454 GC heap after
Heap after GC invocations=9 (full 1):
 PSYoungGen      total 397824K, used 16266K [0x000000076b100000, 0x0000000785880000, 0x00000007c0000000)
  eden space 373248K, 0% used [0x000000076b100000,0x000000076b100000,0x0000000781d80000)
  from space 24576K, 66% used [0x0000000784080000,0x0000000785062858,0x0000000785880000)
  to   space 30208K, 0% used [0x0000000781d80000,0x0000000781d80000,0x0000000783b00000)
 ParOldGen       total 110592K, used 53954K [0x00000006c1200000, 0x00000006c7e00000, 0x000000076b100000)
  object space 110592K, 48% used [0x00000006c1200000,0x00000006c46b0918,0x00000006c7e00000)
 Metaspace       used 28469K, capacity 29432K, committed 29824K, reserved 1075200K
  class space    used 3366K, capacity 3619K, committed 3712K, reserved 1048576K
}
Event: 4.971 GC heap before
{Heap before GC invocations=10 (full 1):
 PSYoungGen      total 397824K, used 389514K [0x000000076b100000, 0x0000000785880000, 0x00000007c0000000)
  eden space 373248K, 100% used [0x000000076b100000,0x0000000781d80000,0x0000000781d80000)
  from space 24576K, 66% used [0x0000000784080000,0x0000000785062858,0x0000000785880000)
  to   space 30208K, 0% used [0x0000000781d80000,0x0000000781d80000,0x0000000783b00000)
 ParOldGen       total 110592K, used 53954K [0x00000006c1200000, 0x00000006c7e00000, 0x000000076b100000)
  object space 110592K, 48% used [0x00000006c1200000,0x00000006c46b0918,0x00000006c7e00000)
 Metaspace       used 28760K, capacity 29712K, committed 30080K, reserved 1075200K
  class space    used 3399K, capacity 3623K, committed 3712K, reserved 1048576K
Event: 4.983 GC heap after
Heap after GC invocations=10 (full 1):
 PSYoungGen      total 403456K, used 12097K [0x000000076b100000, 0x0000000790100000, 0x00000007c0000000)
  eden space 373248K, 0% used [0x000000076b100000,0x000000076b100000,0x0000000781d80000)
  from space 30208K, 40% used [0x0000000781d80000,0x0000000782950758,0x0000000783b00000)
  to   space 29184K, 0% used [0x000000078e480000,0x000000078e480000,0x0000000790100000)
 ParOldGen       total 110592K, used 57712K [0x00000006c1200000, 0x00000006c7e00000, 0x000000076b100000)
  object space 110592K, 52% used [0x00000006c1200000,0x00000006c4a5c2c0,0x00000006c7e00000)
 Metaspace       used 28760K, capacity 29712K, committed 30080K, reserved 1075200K
  class space    used 3399K, capacity 3623K, committed 3712K, reserved 1048576K
}
Event: 6.258 GC heap before
{Heap before GC invocations=11 (full 1):
 PSYoungGen      total 403456K, used 385345K [0x000000076b100000, 0x0000000790100000, 0x00000007c0000000)
  eden space 373248K, 100% used [0x000000076b100000,0x0000000781d80000,0x0000000781d80000)
  from space 30208K, 40% used [0x0000000781d80000,0x0000000782950758,0x0000000783b00000)
  to   space 29184K, 0% used [0x000000078e480000,0x000000078e480000,0x0000000790100000)
 ParOldGen       total 110592K, used 57712K [0x00000006c1200000, 0x00000006c7e00000, 0x000000076b100000)
  object space 110592K, 52% used [0x00000006c1200000,0x00000006c4a5c2c0,0x00000006c7e00000)
 Metaspace       used 28898K, capacity 29778K, committed 30080K, reserved 1075200K
  class space    used 3401K, capacity 3625K, committed 3712K, reserved 1048576K
Event: 6.276 GC heap after
Heap after GC invocations=11 (full 1):
 PSYoungGen      total 564736K, used 24505K [0x000000076b100000, 0x000000078fd00000, 0x00000007c0000000)
  eden space 539648K, 0% used [0x000000076b100000,0x000000076b100000,0x000000078c000000)
  from space 25088K, 97% used [0x000000078e480000,0x000000078fc6e6c0,0x000000078fd00000)
  to   space 31232K, 0% used [0x000000078c000000,0x000000078c000000,0x000000078de80000)
 ParOldGen       total 110592K, used 68588K [0x00000006c1200000, 0x00000006c7e00000, 0x000000076b100000)
  object space 110592K, 62% used [0x00000006c1200000,0x00000006c54fb318,0x00000006c7e00000)
 Metaspace       used 28898K, capacity 29778K, committed 30080K, reserved 1075200K
  class space    used 3401K, capacity 3625K, committed 3712K, reserved 1048576K
}

Deoptimization events (10 events):
Event: 7.276 Thread 0x000001d86a468800 Uncommon trap: reason=class_check action=maybe_recompile pc=0x000001d86d611b70 method=com.sun.tools.javac.code.Types.cvarUpperBound(Lcom/sun/tools/javac/code/Type;)Lcom/sun/tools/javac/code/Type; @ 11
Event: 7.276 Thread 0x000001d86a468800 Uncommon trap: reason=class_check action=maybe_recompile pc=0x000001d86d611b70 method=com.sun.tools.javac.code.Types.cvarUpperBound(Lcom/sun/tools/javac/code/Type;)Lcom/sun/tools/javac/code/Type; @ 11
Event: 7.276 Thread 0x000001d86a468800 Uncommon trap: reason=class_check action=maybe_recompile pc=0x000001d86d611b70 method=com.sun.tools.javac.code.Types.cvarUpperBound(Lcom/sun/tools/javac/code/Type;)Lcom/sun/tools/javac/code/Type; @ 11
Event: 7.312 Thread 0x000001d86a468800 Uncommon trap: reason=unstable_if action=reinterpret pc=0x000001d86d02a8a4 method=com.sun.tools.javac.code.Types$4.visitClassType(Lcom/sun/tools/javac/code/Type$ClassType;Lcom/sun/tools/javac/code/Type;)Ljava/lang/Boolean; @ 69
Event: 7.312 Thread 0x000001d86a468800 Uncommon trap: reason=unstable_if action=reinterpret pc=0x000001d86d5f1a64 method=com.sun.tools.javac.code.Types.isSubtypeUncheckedInternal(Lcom/sun/tools/javac/code/Type;Lcom/sun/tools/javac/code/Type;Lcom/sun/tools/javac/util/Warner;)Z @ 134
Event: 7.312 Thread 0x000001d86a468800 Uncommon trap: reason=class_check action=maybe_recompile pc=0x000001d86d5084dc method=com.sun.tools.javac.code.Type$ClassType.isErroneous()Z @ 28
Event: 7.312 Thread 0x000001d86a468800 Uncommon trap: reason=unstable_if action=reinterpret pc=0x000001d86cc42694 method=com.sun.tools.javac.util.IntHashTable.rehash()V @ 88
Event: 7.321 Thread 0x000001d86a468800 Uncommon trap: reason=unstable_if action=reinterpret pc=0x000001d86c1e7608 method=com.sun.tools.javac.comp.Resolve$AbstractMethodCheck.argumentsAcceptable(Lcom/sun/tools/javac/comp/Env;Lcom/sun/tools/javac/comp/DeferredAttr$DeferredAttrContext;Lcom/sun/to
Event: 7.361 Thread 0x000001d86a468800 Uncommon trap: reason=unstable_if action=reinterpret pc=0x000001d86c3608f4 method=com.sun.tools.javac.code.Types$4.visitClassType(Lcom/sun/tools/javac/code/Type$ClassType;Lcom/sun/tools/javac/code/Type;)Ljava/lang/Boolean; @ 69
Event: 7.362 Thread 0x000001d86a468800 Uncommon trap: reason=class_check action=maybe_recompile pc=0x000001d86d5084dc method=com.sun.tools.javac.code.Type$ClassType.isErroneous()Z @ 28

Classes redefined (0 events):
No events

Internal exceptions (10 events):
Event: 3.485 Thread 0x000001d86a468800 Exception <a 'java/security/PrivilegedActionException'> (0x0000000776028228) thrown at [C:\wsjdk\Corretto8Src\installers\windows\zip\corretto-build\buildRoot\hotspot\src\share\vm\prims\jvm.cpp, line 1514]
Event: 3.485 Thread 0x000001d86a468800 Exception <a 'java/security/PrivilegedActionException'> (0x0000000776028808) thrown at [C:\wsjdk\Corretto8Src\installers\windows\zip\corretto-build\buildRoot\hotspot\src\share\vm\prims\jvm.cpp, line 1514]
Event: 3.815 Thread 0x000001d86a468800 Implicit null exception at 0x000001d86c51d8f5 to 0x000001d86c51dc39
Event: 5.003 Thread 0x000001d86a468800 Implicit null exception at 0x000001d86ceba6f1 to 0x000001d86cebabd9
Event: 5.211 Thread 0x000001d86a468800 Implicit null exception at 0x000001d86bff2c6f to 0x000001d86bff486d
Event: 6.111 Thread 0x000001d86a468800 Implicit null exception at 0x000001d86c64d273 to 0x000001d86c64de65
Event: 6.111 Thread 0x000001d86a468800 Implicit null exception at 0x000001d86c48e65b to 0x000001d86c48eaed
Event: 6.856 Thread 0x000001d86a468800 Implicit null exception at 0x000001d86d339a10 to 0x000001d86d33abf9
Event: 6.873 Thread 0x000001d86a468800 Implicit null exception at 0x000001d86c5b2b4c to 0x000001d86c5b2b6b
Event: 7.321 Thread 0x000001d86a468800 Implicit null exception at 0x000001d86c1e6b8a to 0x000001d86c1e75e9

Events (10 events):
Event: 7.416 Thread 0x000001d87f707000 flushing nmethod 0x000001d86d1b7890
Event: 7.416 Thread 0x000001d87f707000 flushing nmethod 0x000001d86d1b7d10
Event: 7.416 Thread 0x000001d87f707000 flushing nmethod 0x000001d86d1b8190
Event: 7.416 Thread 0x000001d87f707000 flushing nmethod 0x000001d86d1bf590
Event: 7.416 Thread 0x000001d87f707000 flushing nmethod 0x000001d86d1cc210
Event: 7.416 Thread 0x000001d87f707000 flushing nmethod 0x000001d86d27d450
Event: 7.416 Thread 0x000001d87f707000 flushing nmethod 0x000001d86d28a950
Event: 7.416 Thread 0x000001d87f707000 flushing nmethod 0x000001d86d2a9f90
Event: 7.448 Thread 0x000001d86a468800 DEOPT PACKING pc=0x000001d86ceac01d sp=0x0000004bc48fc200
Event: 7.448 Thread 0x000001d86a468800 DEOPT UNPACKING pc=0x000001d86be871d8 sp=0x0000004bc48fbec8 mode 0


Dynamic libraries:
0x00007ff60c6f0000 - 0x00007ff60c736000 	C:\Users\jackt\.jdks\corretto-1.8.0_412\bin\java.exe
0x00007ffe3e710000 - 0x00007ffe3e927000 	C:\Windows\SYSTEM32\ntdll.dll
0x00007ffe3cc80000 - 0x00007ffe3cd44000 	C:\Windows\System32\KERNEL32.DLL
0x00007ffe3bcd0000 - 0x00007ffe3c07c000 	C:\Windows\System32\KERNELBASE.dll
0x00007ffe3c450000 - 0x00007ffe3c502000 	C:\Windows\System32\ADVAPI32.dll
0x00007ffe3c8c0000 - 0x00007ffe3c967000 	C:\Windows\System32\msvcrt.dll
0x00007ffe3cb50000 - 0x00007ffe3cbfa000 	C:\Windows\System32\sechost.dll
0x00007ffe3ba40000 - 0x00007ffe3ba68000 	C:\Windows\System32\bcrypt.dll
0x00007ffe3e210000 - 0x00007ffe3e325000 	C:\Windows\System32\RPCRT4.dll
0x00007ffe3d610000 - 0x00007ffe3d7be000 	C:\Windows\System32\USER32.dll
0x00007ffe3bb80000 - 0x00007ffe3bba6000 	C:\Windows\System32\win32u.dll
0x00007ffe3d840000 - 0x00007ffe3d869000 	C:\Windows\System32\GDI32.dll
0x00007ffe3bbb0000 - 0x00007ffe3bcc9000 	C:\Windows\System32\gdi32full.dll
0x00007ffe3ba70000 - 0x00007ffe3bb0a000 	C:\Windows\System32\msvcp_win.dll
0x00007ffe3c270000 - 0x00007ffe3c381000 	C:\Windows\System32\ucrtbase.dll
0x00007ffe1a980000 - 0x00007ffe1ac13000 	C:\Windows\WinSxS\amd64_microsoft.windows.common-controls_6595b64144ccf1df_6.0.22621.3672_none_2713b9d173822955\COMCTL32.dll
0x00007ffe3c970000 - 0x00007ffe3c9a1000 	C:\Windows\System32\IMM32.DLL
0x00007ffe217a0000 - 0x00007ffe217b5000 	C:\Users\jackt\.jdks\corretto-1.8.0_412\jre\bin\vcruntime140.dll
0x00007ffdfc5f0000 - 0x00007ffdfc68b000 	C:\Users\jackt\.jdks\corretto-1.8.0_412\jre\bin\msvcp140.dll
0x00000000698b0000 - 0x000000006a10c000 	C:\Users\jackt\.jdks\corretto-1.8.0_412\jre\bin\server\jvm.dll
0x00007ffe3d290000 - 0x00007ffe3d298000 	C:\Windows\System32\PSAPI.DLL
0x00007ffe327c0000 - 0x00007ffe327ca000 	C:\Windows\SYSTEM32\VERSION.dll
0x00007ffe2d340000 - 0x00007ffe2d374000 	C:\Windows\SYSTEM32\WINMM.dll
0x00007ffe278b0000 - 0x00007ffe278b9000 	C:\Windows\SYSTEM32\WSOCK32.dll
0x00007ffe3d7c0000 - 0x00007ffe3d831000 	C:\Windows\System32\WS2_32.dll
0x00007ffe3aa70000 - 0x00007ffe3aa88000 	C:\Windows\SYSTEM32\kernel.appcore.dll
0x00007ffe25c50000 - 0x00007ffe25c60000 	C:\Users\jackt\.jdks\corretto-1.8.0_412\jre\bin\verify.dll
0x00007ffe20ba0000 - 0x00007ffe20bcb000 	C:\Users\jackt\.jdks\corretto-1.8.0_412\jre\bin\java.dll
0x00007ffe0d950000 - 0x00007ffe0d982000 	C:\Users\jackt\.jdks\corretto-1.8.0_412\jre\bin\instrument.dll
0x00007ffe1f5b0000 - 0x00007ffe1f5c8000 	C:\Users\jackt\.jdks\corretto-1.8.0_412\jre\bin\zip.dll
0x00007ffe3d8d0000 - 0x00007ffe3e12c000 	C:\Windows\System32\SHELL32.dll
0x00007ffe39990000 - 0x00007ffe3a287000 	C:\Windows\SYSTEM32\windows.storage.dll
0x00007ffe3e340000 - 0x00007ffe3e6c8000 	C:\Windows\System32\combase.dll
0x00007ffe39850000 - 0x00007ffe3998f000 	C:\Windows\SYSTEM32\wintypes.dll
0x00007ffe3d2a0000 - 0x00007ffe3d394000 	C:\Windows\System32\SHCORE.dll
0x00007ffe3d1d0000 - 0x00007ffe3d22e000 	C:\Windows\System32\shlwapi.dll
0x00007ffe3b970000 - 0x00007ffe3b991000 	C:\Windows\SYSTEM32\profapi.dll
0x00007ffe24260000 - 0x00007ffe2427a000 	C:\Program Files\JetBrains\IntelliJ IDEA 2024.1.2\bin\breakgen64.dll
0x00007ffe1f590000 - 0x00007ffe1f5ac000 	C:\Users\jackt\.jdks\corretto-1.8.0_412\jre\bin\net.dll
0x00007ffe3aee0000 - 0x00007ffe3af49000 	C:\Windows\system32\mswsock.dll
0x00007ffe1f160000 - 0x00007ffe1f173000 	C:\Users\jackt\.jdks\corretto-1.8.0_412\jre\bin\nio.dll
0x00000000001a0000 - 0x00000000001c4000 	C:\Users\jackt\AppData\Local\Temp\jansi-2.4.0-344a1142c666bd4f-jansi.dll

VM Arguments:
jvm_args: -Dmaven.multiModuleProjectDirectory=C:\Users\jackt\IdeaProjects\legacy-mystaria -Djansi.passthrough=true -Dmaven.home=C:\Program Files\JetBrains\IntelliJ IDEA 2024.1.2\plugins\maven\lib\maven3 -Dclassworlds.conf=C:\Program Files\JetBrains\IntelliJ IDEA 2024.1.2\plugins\maven\lib\maven3\bin\m2.conf -Dmaven.ext.class.path=C:\Program Files\JetBrains\IntelliJ IDEA 2024.1.2\plugins\maven\lib\maven-event-listener.jar -javaagent:C:\Program Files\JetBrains\IntelliJ IDEA 2024.1.2\lib\idea_rt.jar=62578:C:\Program Files\JetBrains\IntelliJ IDEA 2024.1.2\bin -Dfile.encoding=UTF-8 
java_command: org.codehaus.classworlds.Launcher -Didea.version=2024.1.2 package
java_class_path (initial): C:\Program Files\JetBrains\IntelliJ IDEA 2024.1.2\plugins\maven\lib\maven3\boot\plexus-classworlds-2.7.0.jar;C:\Program Files\JetBrains\IntelliJ IDEA 2024.1.2\plugins\maven\lib\maven3\boot\plexus-classworlds.license;C:\Program Files\JetBrains\IntelliJ IDEA 2024.1.2\lib\idea_rt.jar
Launcher Type: SUN_STANDARD

Environment Variables:
PATH=C:\Program Files (x86)\Common Files\Oracle\Java\java8path;C:\Program Files (x86)\Common Files\Oracle\Java\javapath;C:\Windows\system32;C:\Windows;C:\Windows\System32\Wbem;C:\Windows\System32\WindowsPowerShell\v1.0\;C:\Windows\System32\OpenSSH\;C:\Program Files\Git\cmd;C:\Program Files (x86)\Windows Kits\10\Windows Performance Toolkit\;C:\Program Files\dotnet\;C:\Users\jackt\AppData\Local\Programs\Python\Python312\Scripts;C:\Users\jackt\AppData\Local\Programs\Python\Launcher\;C:\Users\jackt\AppData\Local\Microsoft\WindowsApps;C:\Users\jackt\.dotnet\tools
USERNAME=jackt
OS=Windows_NT
PROCESSOR_IDENTIFIER=AMD64 Family 25 Model 33 Stepping 2, AuthenticAMD



---------------  S Y S T E M  ---------------

OS: Windows 11 , 64 bit Build 22621 (10.0.22621.3672)

CPU:total 12 (initial active 12) (12 cores per cpu, 1 threads per core) family 25 model 33 stepping 2, cmov, cx8, fxsr, mmx, sse, sse2, sse3, ssse3, sse4.1, sse4.2, popcnt, avx, avx2, aes, clmul, erms, mmxext, 3dnowpref, lzcnt, sse4a, tsc, tscinvbit, tscinv, bmi1

Memory: 4k page, physical 16698392k(1450140k free), swap 27095324k(896k free)

vm_info: OpenJDK 64-Bit Server VM (25.412-b08) for windows-amd64 JRE (1.8.0_412-b08), built on Apr 10 2024 19:24:07 by "Administrator" with MS VC++ 15.9 (VS2017)

time: Fri Jul  5 17:34:50 2024
timezone: Central Standard Time
elapsed time: 7.463420 seconds (0d 0h 0m 7s)

