[00:03:55] [Server thread/INFO]: [RetroDB] Connection Established

[00:08:58] [Server thread/INFO]: [RetroDB] Connection Established

[00:14:00] [Server thread/INFO]: [RetroDB] Connection Established

[00:19:03] [Server thread/INFO]: [RetroDB] Connection Established

[00:24:06] [Server thread/INFO]: [RetroDB] Connection Established

[00:29:09] [Server thread/INFO]: [RetroDB] Connection Established

[00:34:12] [Server thread/INFO]: [RetroDB] Connection Established

[00:39:15] [Server thread/INFO]: [RetroDB] Connection Established

[00:44:18] [Server thread/INFO]: [RetroDB] Connection Established

[00:49:21] [Server thread/INFO]: [RetroDB] Connection Established

[00:54:24] [Server thread/INFO]: [RetroDB] Connection Established

[00:59:27] [Server thread/INFO]: [RetroDB] Connection Established

[01:04:31] [Server thread/INFO]: [RetroDB] Connection Established

[01:09:34] [Server thread/INFO]: [RetroDB] Connection Established

[01:14:37] [Server thread/INFO]: [RetroDB] Connection Established

[01:19:40] [Server thread/INFO]: [RetroDB] Connection Established

[01:24:43] [Server thread/INFO]: [RetroDB] Connection Established

[01:29:46] [Server thread/INFO]: [RetroDB] Connection Established

[01:34:49] [Server thread/INFO]: [RetroDB] Connection Established

[01:39:52] [Server thread/INFO]: [RetroDB] Connection Established

[01:44:55] [Server thread/INFO]: [RetroDB] Connection Established

[01:49:58] [Server thread/INFO]: [RetroDB] Connection Established

[01:55:01] [Server thread/INFO]: [RetroDB] Connection Established

[02:00:04] [Server thread/INFO]: [RetroDB] Connection Established

[02:05:07] [Server thread/INFO]: [RetroDB] Connection Established

[02:10:09] [Craft Scheduler Thread - 207/INFO]: [Vault] Checking for Updates ... 
[02:10:09] [Craft Scheduler Thread - 207/WARN]: [Vault] Stable Version: 1.7.3 is out! You are still running version: 1.5.6
[02:10:09] [Craft Scheduler Thread - 207/WARN]: [Vault] Update at: http://dev.bukkit.org/server-mods/vault
[02:10:10] [Server thread/INFO]: [RetroDB] Connection Established

[02:10:11] [Craft Scheduler Thread - 209/INFO]: [VanishNoPacket] Found a different version available: v3.22
[02:10:11] [Craft Scheduler Thread - 209/INFO]: [VanishNoPacket] Check http://www.curse.com/server-mods/minecraft/vanish
[02:15:13] [Server thread/INFO]: [RetroDB] Connection Established

[02:20:16] [Server thread/INFO]: [RetroDB] Connection Established

[02:25:19] [Server thread/INFO]: [RetroDB] Connection Established

[02:30:22] [Server thread/INFO]: [RetroDB] Connection Established

[02:35:25] [Server thread/INFO]: [RetroDB] Connection Established

[02:40:28] [Server thread/INFO]: [RetroDB] Connection Established

[02:45:31] [Server thread/INFO]: [RetroDB] Connection Established

[02:50:34] [Server thread/INFO]: [RetroDB] Connection Established

[02:55:37] [Server thread/INFO]: [RetroDB] Connection Established

[03:00:41] [Server thread/INFO]: [RetroDB] Connection Established

[03:05:44] [Server thread/INFO]: [RetroDB] Connection Established

[03:10:47] [Server thread/INFO]: [RetroDB] Connection Established

[03:15:50] [Server thread/INFO]: [RetroDB] Connection Established

[03:20:53] [Server thread/INFO]: [RetroDB] Connection Established

[03:25:56] [Server thread/INFO]: [RetroDB] Connection Established

[03:31:00] [Server thread/INFO]: [RetroDB] Connection Established

[03:36:04] [Server thread/INFO]: [RetroDB] Connection Established

[03:41:07] [Server thread/INFO]: [RetroDB] Connection Established

