[13:52:09] [Server thread/INFO]: Starting minecraft server version 1.9.4
[13:52:09] [Server thread/INFO]: Loading properties
[13:52:09] [Server thread/INFO]: Default game type: SURVIVAL
[13:52:09] [Server thread/INFO]: This server is running Paper version git-Paper-775 (MC: 1.9.4) (Implementing API version 1.9.4-R0.1-SNAPSHOT)
[13:52:10] [Server thread/INFO]: Your platform does not provide complete low-level API for accessing direct buffers reliably. Unless explicitly requested, heap buffer will always be preferred to avoid potential system unstability.
[13:52:10] [Server thread/INFO]: Debug logging is disabled
[13:52:10] [Server thread/INFO]: Server Ping Player Sample Count: 12

[13:52:10] [Server thread/INFO]: Using 4 threads for Netty based IO
[13:52:10] [Server thread/INFO]: Spigot Timings: true - Verbose: true - Interval: 5m - Length: 60m
[13:52:10] [Server thread/INFO]: Generating keypair
[13:52:10] [Server thread/INFO]: Starting Minecraft server on localhost:25565
[13:52:10] [Server thread/INFO]: Using default channel type
[13:52:10] [Server thread/INFO]: Set PluginClassLoader as parallel capable
[13:52:10] [Server thread/INFO]: [ReflectionHelper] Version is v1_12_R1 (109002)

[13:52:10] [Server thread/INFO]: [NoCollisionPlugin] Loading NoCollisionPlugin v2.3
[13:52:10] [Server thread/INFO]: [PacketListenerApi] Loading PacketListenerApi v3.4.0
[13:52:11] [Server thread/INFO]: [PacketListenerAPI] Using INChannel

[13:52:11] [Server thread/WARN]: java.lang.NullPointerException: Cannot invoke "java.lang.reflect.Field.get(Object)" because "org.inventivetalent.packetlistener.channel.ChannelAbstract.serverConnection" is null

[13:52:11] [Server thread/WARN]: 	at org.inventivetalent.packetlistener.channel.ChannelAbstract.addServerChannel(ChannelAbstract.java:93)

[13:52:11] [Server thread/WARN]: 	at org.inventivetalent.packetlistener.ChannelInjector.addServerChannel(ChannelInjector.java:83)

[13:52:11] [Server thread/WARN]: 	at org.inventivetalent.packetlistener.PacketListenerAPI.load(PacketListenerAPI.java:60)

[13:52:11] [Server thread/WARN]: 	at org.inventivetalent.apihelper.APIManager.registerAPI(APIManager.java:102)

[13:52:11] [Server thread/WARN]: 	at org.inventivetalent.apihelper.APIManager.registerAPI(APIManager.java:122)

[13:52:11] [Server thread/WARN]: 	at org.inventivetalent.packetlistener.PacketListenerPlugin.onLoad(PacketListenerPlugin.java:43)

[13:52:11] [Server thread/WARN]: 	at org.bukkit.craftbukkit.v1_12_R1.CraftServer.loadPlugins(CraftServer.java:297)

[13:52:11] [Server thread/WARN]: 	at net.minecraft.server.v1_12_R1.DedicatedServer.init(DedicatedServer.java:204)

[13:52:11] [Server thread/WARN]: 	at net.minecraft.server.v1_12_R1.MinecraftServer.run(MinecraftServer.java:573)

[13:52:11] [Server thread/WARN]: 	at java.base/java.lang.Thread.run(Thread.java:1589)

[13:52:11] [Server thread/INFO]: Injected custom channel handlers.
[13:52:11] [Server thread/INFO]: [GlowAPI] Loading GlowAPI v1.4.4
[13:52:11] [Server thread/INFO]: [Votifier] Loading Votifier v1.9
[13:52:11] [Server thread/INFO]: [HamsterAPI] Loading HamsterAPI v0.2.3
[13:52:11] [Server thread/INFO]: [FastAsyncWorldEdit] Loading FastAsyncWorldEdit v21.03.26-5ff3a9b-1286-22.3.9
[13:52:11] [Server thread/INFO]: [PracticeServer] Loading PracticeServer v1.1.0
[13:52:11] [Server thread/INFO]: [BossBarAPI] Loading BossBarAPI v2.4.1
[13:52:11] [Server thread/INFO]: [ViaVersion] Loading ViaVersion v4.5.1
[13:52:11] [Server thread/INFO]: [ViaVersion] ViaVersion 4.5.1 is now loaded, injecting!
[13:52:11] [Via-Mappingloader-0/INFO]: [ViaVersion] Loading 1.12 -> 1.13 mappings...
[13:52:11] [Via-Mappingloader-1/INFO]: [ViaVersion] Loading 1.13 -> 1.13.2 mappings...
[13:52:11] [Via-Mappingloader-2/INFO]: [ViaVersion] Loading 1.13.2 -> 1.14 mappings...
[13:52:11] [Via-Mappingloader-3/INFO]: [ViaVersion] Loading 1.14 -> 1.15 mappings...
[13:52:11] [Via-Mappingloader-4/INFO]: [ViaVersion] Loading 1.15 -> 1.16 mappings...
[13:52:11] [Via-Mappingloader-1/INFO]: [ViaVersion] Loading 1.16 -> 1.16.2 mappings...
[13:52:11] [Via-Mappingloader-0/INFO]: [ViaVersion] Loading block connection mappings ...
[13:52:11] [Via-Mappingloader-2/INFO]: [ViaVersion] Loading 1.16.2 -> 1.17 mappings...
[13:52:11] [Via-Mappingloader-4/INFO]: [ViaVersion] Loading 1.17 -> 1.18 mappings...
[13:52:11] [Via-Mappingloader-2/INFO]: [ViaVersion] Loading 1.18 -> 1.19 mappings...
[13:52:11] [Via-Mappingloader-4/INFO]: [ViaVersion] Loading 1.19 -> 1.19.3 mappings...
[13:52:11] [Server thread/INFO]: [Vault] Loading Vault v1.5.6-b49
[13:52:11] [Server thread/INFO]: [Essentials] Loading Essentials v2.0.1-b330
[13:52:11] [Server thread/INFO]: [FastAsyncVoxelSniper] Loading FastAsyncVoxelSniper v21.03.26-5ff3a9b-1286-22.3.9
[13:52:11] [Server thread/INFO]: [Multiverse-Core] Loading Multiverse-Core v4.3.1-b861
[13:52:11] [Server thread/INFO]: [ProtocolLib] Loading ProtocolLib v4.8.0
[13:52:12] [Server thread/ERROR]:   [ProtocolLib] INTERNAL ERROR: Cannot load ProtocolLib.
  If this problem hasn't already been reported, please open a ticket
  at https://github.com/dmulloy2/ProtocolLib/issues with the following data:
  Stack Trace:
  java.lang.ExceptionInInitializerError
  	at com.comphenix.protocol.injector.netty.ProtocolInjector.<init>(ProtocolInjector.java:69)
  	at com.comphenix.protocol.injector.PacketFilterManager.<init>(PacketFilterManager.java:202)
  	at com.comphenix.protocol.injector.PacketFilterBuilder.buildInternal(PacketFilterBuilder.java:185)
  	at com.comphenix.protocol.injector.PacketFilterBuilder.build(PacketFilterBuilder.java:177)
  	at com.comphenix.protocol.ProtocolLib.onLoad(ProtocolLib.java:203)
  	at org.bukkit.craftbukkit.v1_12_R1.CraftServer.loadPlugins(CraftServer.java:297)
  	at net.minecraft.server.v1_12_R1.DedicatedServer.init(DedicatedServer.java:204)
  	at net.minecraft.server.v1_12_R1.MinecraftServer.run(MinecraftServer.java:573)
  	at java.base/java.lang.Thread.run(Thread.java:1589)
  Caused by: java.lang.UnsupportedOperationException: Cannot define class using reflection: Unable to make protected java.lang.Package java.lang.ClassLoader.getPackage(java.lang.String) accessible: module java.base does not "opens java.lang" to unnamed module @434e6f24
  	at com.comphenix.net.bytebuddy.dynamic.loading.ClassInjector$UsingReflection$Dispatcher$Initializable$Unavailable.defineClass(ClassInjector.java:471)
  	at com.comphenix.net.bytebuddy.dynamic.loading.ClassInjector$UsingReflection.injectRaw(ClassInjector.java:283)
  	at com.comphenix.net.bytebuddy.dynamic.loading.ClassInjector$AbstractBase.inject(ClassInjector.java:117)
  	at com.comphenix.net.bytebuddy.dynamic.loading.ClassLoadingStrategy$Default$InjectionDispatcher.load(ClassLoadingStrategy.java:243)
  	at com.comphenix.net.bytebuddy.dynamic.loading.ClassLoadingStrategy$Default.load(ClassLoadingStrategy.java:150)
  	at com.comphenix.net.bytebuddy.dynamic.TypeResolutionStrategy$Passive.initialize(TypeResolutionStrategy.java:101)
  	at com.comphenix.net.bytebuddy.dynamic.DynamicType$Default$Unloaded.load(DynamicType.java:6161)
  	at com.comphenix.protocol.injector.server.TemporaryPlayerFactory.setupProxyPlayerConstructor(TemporaryPlayerFactory.java:187)
  	at com.comphenix.protocol.injector.server.TemporaryPlayerFactory.<clinit>(TemporaryPlayerFactory.java:51)
  	... 9 more
  Dump:
  Parameters: 
    [NULL]
  Sender:
    com.comphenix.protocol.ProtocolLib@14ac240f[
      statistics=<null>
      backgroundCompiler=<null>
      packetTask=-1
      tickCounter=0
      unhookTask=com.comphenix.protocol.injector.DelayedSingleTask@4d32df0
      configExpectedMod=-1
      updater=com.comphenix.protocol.updater.SpigotUpdater@712afd39
      redirectHandler=<null>
      commandProtocol=<null>
      commandPacket=<null>
      commandFilter=<null>
      packetLogging=<null>
      skipDisable=false
      isEnabled=false
      loader=org.bukkit.plugin.java.JavaPluginLoader@47f8e48e
      server=CraftServer{serverName=Paper,serverVersion=git-Paper-775,minecraftVersion=1.9.4}
      file=plugins\ProtocolLib.jar
      description=org.bukkit.plugin.PluginDescriptionFile@65e9e9d4
      dataFolder=plugins\ProtocolLib
      classLoader=org.bukkit.plugin.java.PluginClassLoader@7e731bcd
      naggable=true
      ebean=<null>
      newConfig=YamlConfiguration[path='', root='YamlConfiguration']
      configFile=plugins\ProtocolLib\config.yml
      logger=org.bukkit.plugin.PluginLogger@89d5489
    ]
  Version:
    ProtocolLib v4.8.0
  Java Version:
    19.0.1
  Server:
    git-Paper-775 (MC: 1.9.4)

[13:52:12] [Server thread/INFO]: [NoCheatPlus] Loading NoCheatPlus v3.16.0-RC-sMD5NET-b1134
[13:52:12] [Server thread/INFO]: [NoCheatPlus] onLoad: Early set up of static API, configuration, logging.
[13:52:12] [Server thread/INFO]: [NoCheatPlus] Logging system initialized.
[13:52:12] [Server thread/INFO]: [NoCheatPlus] Detected Minecraft version: 1.9.4
[13:52:12] [Server thread/INFO]: [Citizens] Loading Citizens v2.0.24-SNAPSHOT (build 1605)
[13:52:12] [Server thread/INFO]: [VanishNoPacket] Loading VanishNoPacket v3.20
[13:52:12] [Server thread/INFO]: [VoxelSniper] Loading VoxelSniper v5.172.0-SNAPSHOT
[13:52:12] [Server thread/INFO]: [TabAPI] Loading TabAPI v3.6.1
[13:52:12] [Server thread/INFO]: [WorldEdit] Loading WorldEdit v6.1.5;4651611
[13:52:12] [Server thread/INFO]: [NoCollide] Loading NoCollide v1.9-4
[13:52:12] [Server thread/INFO]: [HolographicDisplays] Loading HolographicDisplays v2.4.2
[13:52:12] [Server thread/INFO]: [Holograms] Loading Holograms v2.13
[13:52:12] [Server thread/INFO]: [WorldGuard] Loading WorldGuard v6.1.3-SNAPSHOT;c904242
[13:52:12] [Server thread/INFO]: [WGRegionEvents] Loading WGRegionEvents vS_Ryan
[13:52:12] [Server thread/INFO]: Server permissions file permissions.yml is empty, ignoring it
[13:52:12] [Server thread/INFO]: [FastAsyncWorldEdit] Enabling FastAsyncWorldEdit v21.03.26-5ff3a9b-1286-22.3.9
[13:52:12] [Server thread/WARN]: java.lang.NoSuchFieldException: modifiers

[13:52:12] [Server thread/WARN]: 	at java.base/java.lang.Class.getDeclaredField(Class.java:2663)

[13:52:12] [Server thread/WARN]: 	at com.boydti.fawe.config.Config.setAccessible(Config.java:451)

[13:52:12] [Server thread/WARN]: 	at com.boydti.fawe.config.Config.save(Config.java:288)

[13:52:12] [Server thread/WARN]: 	at com.boydti.fawe.config.Config.<init>(Config.java:27)

[13:52:12] [Server thread/WARN]: 	at com.boydti.fawe.config.Settings.<init>(Settings.java:8)

[13:52:12] [Server thread/WARN]: 	at com.boydti.fawe.config.Settings.<clinit>(Settings.java:10)

[13:52:12] [Server thread/WARN]: 	at com.boydti.fawe.bukkit.FaweBukkit.<init>(FaweBukkit.java:94)

[13:52:12] [Server thread/WARN]: 	at com.boydti.fawe.bukkit.BukkitMain.onEnable(BukkitMain.java:76)

[13:52:12] [Server thread/WARN]: 	at org.bukkit.plugin.java.JavaPlugin.setEnabled(JavaPlugin.java:292)

[13:52:12] [Server thread/WARN]: 	at org.bukkit.plugin.java.JavaPluginLoader.enablePlugin(JavaPluginLoader.java:319)

[13:52:12] [Server thread/WARN]: 	at org.bukkit.plugin.SimplePluginManager.enablePlugin(SimplePluginManager.java:407)

[13:52:12] [Server thread/WARN]: 	at org.bukkit.craftbukkit.v1_12_R1.CraftServer.loadPlugin(CraftServer.java:358)

[13:52:12] [Server thread/WARN]: 	at org.bukkit.craftbukkit.v1_12_R1.CraftServer.enablePlugins(CraftServer.java:318)

[13:52:12] [Server thread/WARN]: 	at net.minecraft.server.v1_12_R1.DedicatedServer.init(DedicatedServer.java:205)

[13:52:12] [Server thread/WARN]: 	at net.minecraft.server.v1_12_R1.MinecraftServer.run(MinecraftServer.java:573)

[13:52:12] [Server thread/WARN]: 	at java.base/java.lang.Thread.run(Thread.java:1589)

[13:52:12] [Server thread/WARN]: java.lang.NullPointerException: Cannot assign field "ENABLED" because "com.boydti.fawe.config.Settings.IMP.TICK_LIMITER" is null

[13:52:12] [Server thread/WARN]: 	at com.boydti.fawe.bukkit.FaweBukkit.<init>(FaweBukkit.java:94)

[13:52:12] [Server thread/WARN]: 	at com.boydti.fawe.bukkit.BukkitMain.onEnable(BukkitMain.java:76)

[13:52:12] [Server thread/WARN]: 	at org.bukkit.plugin.java.JavaPlugin.setEnabled(JavaPlugin.java:292)

[13:52:12] [Server thread/WARN]: 	at org.bukkit.plugin.java.JavaPluginLoader.enablePlugin(JavaPluginLoader.java:319)

[13:52:12] [Server thread/WARN]: 	at org.bukkit.plugin.SimplePluginManager.enablePlugin(SimplePluginManager.java:407)

[13:52:12] [Server thread/WARN]: 	at org.bukkit.craftbukkit.v1_12_R1.CraftServer.loadPlugin(CraftServer.java:358)

[13:52:12] [Server thread/WARN]: 	at org.bukkit.craftbukkit.v1_12_R1.CraftServer.enablePlugins(CraftServer.java:318)

[13:52:12] [Server thread/WARN]: 	at net.minecraft.server.v1_12_R1.DedicatedServer.init(DedicatedServer.java:205)

[13:52:12] [Server thread/WARN]: 	at net.minecraft.server.v1_12_R1.MinecraftServer.run(MinecraftServer.java:573)

[13:52:12] [Server thread/WARN]: 	at java.base/java.lang.Thread.run(Thread.java:1589)

[13:52:12] [Server thread/ERROR]: Error occurred while enabling FastAsyncWorldEdit v21.03.26-5ff3a9b-1286-22.3.9 (Is it up to date?)
java.lang.NullPointerException: Cannot invoke "com.boydti.fawe.util.TaskManager.task(java.lang.Runnable)" because "com.boydti.fawe.util.TaskManager.IMP" is null
	at com.boydti.fawe.bukkit.FaweBukkit.<init>(FaweBukkit.java:137) ~[?:?]
	at com.boydti.fawe.bukkit.BukkitMain.onEnable(BukkitMain.java:76) ~[?:?]
	at org.bukkit.plugin.java.JavaPlugin.setEnabled(JavaPlugin.java:292) ~[patched_1.9.4.jar:git-Paper-775]
	at org.bukkit.plugin.java.JavaPluginLoader.enablePlugin(JavaPluginLoader.java:319) [patched_1.9.4.jar:git-Paper-775]
	at org.bukkit.plugin.SimplePluginManager.enablePlugin(SimplePluginManager.java:407) [patched_1.9.4.jar:git-Paper-775]
	at org.bukkit.craftbukkit.v1_12_R1.CraftServer.loadPlugin(CraftServer.java:358) [patched_1.9.4.jar:git-Paper-775]
	at org.bukkit.craftbukkit.v1_12_R1.CraftServer.enablePlugins(CraftServer.java:318) [patched_1.9.4.jar:git-Paper-775]
	at net.minecraft.server.v1_12_R1.DedicatedServer.init(DedicatedServer.java:205) [patched_1.9.4.jar:git-Paper-775]
	at net.minecraft.server.v1_12_R1.MinecraftServer.run(MinecraftServer.java:573) [patched_1.9.4.jar:git-Paper-775]
	at java.lang.Thread.run(Thread.java:1589) [?:?]
[13:52:12] [Server thread/INFO]: [FastAsyncWorldEdit] Disabling FastAsyncWorldEdit v21.03.26-5ff3a9b-1286-22.3.9
[13:52:12] [Server thread/ERROR]: Error occurred while disabling FastAsyncWorldEdit v21.03.26-5ff3a9b-1286-22.3.9 (Is it up to date?)
java.lang.NullPointerException: Cannot invoke "com.boydti.fawe.Fawe.onDisable()" because the return value of "com.boydti.fawe.Fawe.get()" is null
	at com.boydti.fawe.bukkit.BukkitMain.onDisable(BukkitMain.java:84) ~[?:?]
	at org.bukkit.plugin.java.JavaPlugin.setEnabled(JavaPlugin.java:294) ~[patched_1.9.4.jar:git-Paper-775]
	at org.bukkit.plugin.java.JavaPluginLoader.disablePlugin(JavaPluginLoader.java:347) [patched_1.9.4.jar:git-Paper-775]
	at org.bukkit.plugin.java.JavaPluginLoader.enablePlugin(JavaPluginLoader.java:323) [patched_1.9.4.jar:git-Paper-775]
	at org.bukkit.plugin.SimplePluginManager.enablePlugin(SimplePluginManager.java:407) [patched_1.9.4.jar:git-Paper-775]
	at org.bukkit.craftbukkit.v1_12_R1.CraftServer.loadPlugin(CraftServer.java:358) [patched_1.9.4.jar:git-Paper-775]
	at org.bukkit.craftbukkit.v1_12_R1.CraftServer.enablePlugins(CraftServer.java:318) [patched_1.9.4.jar:git-Paper-775]
	at net.minecraft.server.v1_12_R1.DedicatedServer.init(DedicatedServer.java:205) [patched_1.9.4.jar:git-Paper-775]
	at net.minecraft.server.v1_12_R1.MinecraftServer.run(MinecraftServer.java:573) [patched_1.9.4.jar:git-Paper-775]
	at java.lang.Thread.run(Thread.java:1589) [?:?]
[13:52:12] [Server thread/INFO]: [Vault] Enabling Vault v1.5.6-b49
[13:52:12] [Server thread/INFO]: [Vault] [Economy] Essentials Economy found: Waiting
[13:52:12] [Server thread/INFO]: [Vault] [Permission] SuperPermissions loaded as backup permission system.
[13:52:12] [Server thread/INFO]: [Vault] Enabled Version 1.5.6-b49
[13:52:12] [Server thread/INFO]: [FastAsyncVoxelSniper] Enabling FastAsyncVoxelSniper v21.03.26-5ff3a9b-1286-22.3.9
[13:52:12] [Server thread/INFO]: [ProtocolLib] Enabling ProtocolLib v4.8.0
[13:52:12] [Server thread/ERROR]: ******************************************************
[13:52:12] [Server thread/ERROR]: *** ProtocolLib does not support plugin reloaders! ***
[13:52:12] [Server thread/ERROR]: *** Please use the built-in reload command!        ***
[13:52:12] [Server thread/ERROR]: ******************************************************
[13:52:12] [Server thread/INFO]: [ProtocolLib] Disabling ProtocolLib v4.8.0
[13:52:12] [Server thread/INFO]: **** Beginning UUID conversion, this may take A LONG time ****
[13:52:12] [Server thread/INFO]: Preparing level "jew"
[13:52:12] [Server thread/INFO]: -------- World Settings For [jew] --------
[13:52:12] [Server thread/INFO]: Item Despawn Rate: 6000
[13:52:12] [Server thread/INFO]: Item Merge Radius: 2.5
[13:52:12] [Server thread/INFO]: Arrow Despawn Rate: 1200
[13:52:12] [Server thread/INFO]: Allow Zombie Pigmen to spawn from portal blocks: true
[13:52:12] [Server thread/INFO]: View Distance: 10
[13:52:12] [Server thread/INFO]: Zombie Aggressive Towards Villager: true
[13:52:12] [Server thread/INFO]: Experience Merge Radius: 3.0
[13:52:12] [Server thread/INFO]: Mob Spawn Range: 4
[13:52:12] [Server thread/INFO]: Nerfing mobs spawned from spawners: false
[13:52:12] [Server thread/INFO]: Entity Activation Range: An 32 / Mo 32 / Mi 16
[13:52:12] [Server thread/INFO]: Entity Tracking Range: Pl 48 / An 48 / Mo 48 / Mi 32 / Other 64
[13:52:12] [Server thread/INFO]: Cactus Growth Modifier: 100%
[13:52:12] [Server thread/INFO]: Cane Growth Modifier: 100%
[13:52:12] [Server thread/INFO]: Melon Growth Modifier: 100%
[13:52:12] [Server thread/INFO]: Mushroom Growth Modifier: 100%
[13:52:12] [Server thread/INFO]: Pumpkin Growth Modifier: 100%
[13:52:12] [Server thread/INFO]: Sapling Growth Modifier: 100%
[13:52:12] [Server thread/INFO]: Wheat Growth Modifier: 100%
[13:52:12] [Server thread/INFO]: NetherWart Growth Modifier: 100%
[13:52:12] [Server thread/INFO]: Custom Map Seeds:  Village: 10387312 Feature: 14357617
[13:52:12] [Server thread/INFO]: Hopper Transfer: 8 Hopper Check: 8 Hopper Amount: 1
[13:52:12] [Server thread/INFO]: Max Entity Collisions: 8
[13:52:12] [Server thread/INFO]: Random Lighting Updates: false
[13:52:12] [Server thread/INFO]: Max TNT Explosions: 100
[13:52:12] [Server thread/INFO]: Tile Max Tick Time: 50ms Entity max Tick Time: 50ms
[13:52:12] [Server thread/INFO]: Structure Info Saving: true
[13:52:12] [Server thread/INFO]: -------- World Settings For [jew_nether] --------
[13:52:12] [Server thread/INFO]: Item Despawn Rate: 6000
[13:52:12] [Server thread/INFO]: Item Merge Radius: 2.5
[13:52:12] [Server thread/INFO]: Arrow Despawn Rate: 1200
[13:52:12] [Server thread/INFO]: Allow Zombie Pigmen to spawn from portal blocks: true
[13:52:12] [Server thread/INFO]: View Distance: 10
[13:52:12] [Server thread/INFO]: Zombie Aggressive Towards Villager: true
[13:52:12] [Server thread/INFO]: Experience Merge Radius: 3.0
[13:52:12] [Server thread/INFO]: Mob Spawn Range: 4
[13:52:12] [Server thread/INFO]: Nerfing mobs spawned from spawners: false
[13:52:12] [Server thread/INFO]: Entity Activation Range: An 32 / Mo 32 / Mi 16
[13:52:12] [Server thread/INFO]: Entity Tracking Range: Pl 48 / An 48 / Mo 48 / Mi 32 / Other 64
[13:52:12] [Server thread/INFO]: Cactus Growth Modifier: 100%
[13:52:12] [Server thread/INFO]: Cane Growth Modifier: 100%
[13:52:12] [Server thread/INFO]: Melon Growth Modifier: 100%
[13:52:12] [Server thread/INFO]: Mushroom Growth Modifier: 100%
[13:52:12] [Server thread/INFO]: Pumpkin Growth Modifier: 100%
[13:52:12] [Server thread/INFO]: Sapling Growth Modifier: 100%
[13:52:12] [Server thread/INFO]: Wheat Growth Modifier: 100%
[13:52:12] [Server thread/INFO]: NetherWart Growth Modifier: 100%
[13:52:12] [Server thread/INFO]: Custom Map Seeds:  Village: 10387312 Feature: 14357617
[13:52:12] [Server thread/INFO]: Hopper Transfer: 8 Hopper Check: 8 Hopper Amount: 1
[13:52:12] [Server thread/INFO]: Max Entity Collisions: 8
[13:52:12] [Server thread/INFO]: Random Lighting Updates: false
[13:52:12] [Server thread/INFO]: Max TNT Explosions: 100
[13:52:12] [Server thread/INFO]: Tile Max Tick Time: 50ms Entity max Tick Time: 50ms
[13:52:12] [Server thread/INFO]: Structure Info Saving: true
[13:52:12] [Server thread/INFO]: -------- World Settings For [jew_the_end] --------
[13:52:12] [Server thread/INFO]: Item Despawn Rate: 6000
[13:52:12] [Server thread/INFO]: Item Merge Radius: 2.5
[13:52:12] [Server thread/INFO]: Arrow Despawn Rate: 1200
[13:52:12] [Server thread/INFO]: Allow Zombie Pigmen to spawn from portal blocks: true
[13:52:12] [Server thread/INFO]: View Distance: 10
[13:52:12] [Server thread/INFO]: Zombie Aggressive Towards Villager: true
[13:52:12] [Server thread/INFO]: Experience Merge Radius: 3.0
[13:52:12] [Server thread/INFO]: Mob Spawn Range: 4
[13:52:12] [Server thread/INFO]: Nerfing mobs spawned from spawners: false
[13:52:12] [Server thread/INFO]: Entity Activation Range: An 32 / Mo 32 / Mi 16
[13:52:12] [Server thread/INFO]: Entity Tracking Range: Pl 48 / An 48 / Mo 48 / Mi 32 / Other 64
[13:52:12] [Server thread/INFO]: Cactus Growth Modifier: 100%
[13:52:12] [Server thread/INFO]: Cane Growth Modifier: 100%
[13:52:12] [Server thread/INFO]: Melon Growth Modifier: 100%
[13:52:12] [Server thread/INFO]: Mushroom Growth Modifier: 100%
[13:52:12] [Server thread/INFO]: Pumpkin Growth Modifier: 100%
[13:52:12] [Server thread/INFO]: Sapling Growth Modifier: 100%
[13:52:12] [Server thread/INFO]: Wheat Growth Modifier: 100%
[13:52:12] [Server thread/INFO]: NetherWart Growth Modifier: 100%
[13:52:12] [Server thread/INFO]: Custom Map Seeds:  Village: 10387312 Feature: 14357617
[13:52:12] [Server thread/INFO]: Hopper Transfer: 8 Hopper Check: 8 Hopper Amount: 1
[13:52:12] [Server thread/INFO]: Max Entity Collisions: 8
[13:52:12] [Server thread/INFO]: Random Lighting Updates: false
[13:52:12] [Server thread/INFO]: Max TNT Explosions: 100
[13:52:12] [Server thread/INFO]: Tile Max Tick Time: 50ms Entity max Tick Time: 50ms
[13:52:12] [Server thread/INFO]: Structure Info Saving: true
[13:52:12] [Server thread/INFO]: Preparing start region for level 0 (Seed: 0)
[13:52:12] [Server thread/INFO]: Preparing start region for level 1 (Seed: 4691782395035069185)
[13:52:12] [Server thread/INFO]: Preparing start region for level 2 (Seed: 4691782395035069185)
[13:52:12] [Server thread/INFO]: [NoCollisionPlugin] Enabling NoCollisionPlugin v2.3
[13:52:12] [Server thread/INFO]: [PacketListenerApi] Enabling PacketListenerApi v3.4.0
[13:52:12] [Server thread/INFO]: [PacketListenerApi] Metrics started
[13:52:12] [Server thread/INFO]: Adding channels for online players...
[13:52:12] [Server thread/INFO]: [GlowAPI] Enabling GlowAPI v1.4.4
[13:52:12] [Server thread/INFO]: [GlowAPI] Metrics started
[13:52:12] [Server thread/INFO]: [Votifier] Enabling Votifier v1.9
[13:52:12] [Server thread/ERROR]: Error occurred while enabling Votifier v1.9 (Is it up to date?)
java.lang.NoClassDefFoundError: javax/xml/bind/DatatypeConverter
	at com.vexsoftware.votifier.crypto.RSAIO.load(RSAIO.java:87) ~[?:?]
	at com.vexsoftware.votifier.Votifier.onEnable(Votifier.java:151) ~[?:?]
	at org.bukkit.plugin.java.JavaPlugin.setEnabled(JavaPlugin.java:292) ~[patched_1.9.4.jar:git-Paper-775]
	at org.bukkit.plugin.java.JavaPluginLoader.enablePlugin(JavaPluginLoader.java:319) [patched_1.9.4.jar:git-Paper-775]
	at org.bukkit.plugin.SimplePluginManager.enablePlugin(SimplePluginManager.java:407) [patched_1.9.4.jar:git-Paper-775]
	at org.bukkit.craftbukkit.v1_12_R1.CraftServer.loadPlugin(CraftServer.java:358) [patched_1.9.4.jar:git-Paper-775]
	at org.bukkit.craftbukkit.v1_12_R1.CraftServer.enablePlugins(CraftServer.java:318) [patched_1.9.4.jar:git-Paper-775]
	at net.minecraft.server.v1_12_R1.MinecraftServer.t(MinecraftServer.java:414) [patched_1.9.4.jar:git-Paper-775]
	at net.minecraft.server.v1_12_R1.MinecraftServer.l(MinecraftServer.java:379) [patched_1.9.4.jar:git-Paper-775]
	at net.minecraft.server.v1_12_R1.MinecraftServer.a(MinecraftServer.java:333) [patched_1.9.4.jar:git-Paper-775]
	at net.minecraft.server.v1_12_R1.DedicatedServer.init(DedicatedServer.java:272) [patched_1.9.4.jar:git-Paper-775]
	at net.minecraft.server.v1_12_R1.MinecraftServer.run(MinecraftServer.java:573) [patched_1.9.4.jar:git-Paper-775]
	at java.lang.Thread.run(Thread.java:1589) [?:?]
Caused by: java.lang.ClassNotFoundException: javax.xml.bind.DatatypeConverter
	at java.net.URLClassLoader.findClass(URLClassLoader.java:445) ~[?:?]
	at org.bukkit.plugin.java.PluginClassLoader.findClass(PluginClassLoader.java:102) ~[patched_1.9.4.jar:git-Paper-775]
	at org.bukkit.plugin.java.PluginClassLoader.findClass(PluginClassLoader.java:87) ~[patched_1.9.4.jar:git-Paper-775]
	at java.lang.ClassLoader.loadClass(ClassLoader.java:588) ~[?:?]
	at java.lang.ClassLoader.loadClass(ClassLoader.java:521) ~[?:?]
	... 13 more
[13:52:12] [Server thread/INFO]: [Votifier] Disabling Votifier v1.9
[13:52:12] [Server thread/INFO]: [Votifier] Votifier disabled.
[13:52:12] [Server thread/INFO]: [HamsterAPI] Enabling HamsterAPI v0.2.3
[13:52:12] [Server thread/INFO]: [PracticeServer] Enabling PracticeServer v1.1.0
[13:52:12] [Server thread/INFO]: Red is gay

[13:52:12] [Server thread/INFO]: [PracticeServer] [RetroDB] has been Enabled
[13:52:13] [Server thread/INFO]: [RetroDB] Connection Established

[13:52:13] [Server thread/INFO]: [PracticeServer] [Alignments] has been enabled.
[13:52:13] [Server thread/INFO]: [PracticeServer] [Antibuild] has been enabled.
[13:52:13] [Server thread/INFO]: [PracticeServer] [Banks] has been enabled.
[13:52:13] [Server thread/INFO]: [PracticeServer] [Buddies] has been enabled.
[13:52:13] [Server thread/INFO]: [PracticeServer] [ChatMechanics] has been enabled.
[13:52:13] [Server thread/INFO]: [Merchant] has been enabled

[13:52:13] [Server thread/INFO]: [PracticeServer] [Durability] has been enabled.
[13:52:13] [Server thread/INFO]: [PracticeServer] [Enchants] has been enabled.
[13:52:13] [Server thread/WARN]: [PracticeServer] Could not save WorldBoss.yml to plugins\PracticeServer\WorldBoss.yml because WorldBoss.yml already exists.
[13:52:13] [Server thread/INFO]: [PracticeServer] [Energy] has been enabled.
[13:52:13] [Server thread/INFO]: [PracticeServer] [GemPouches] has been enabled.
[13:52:13] [Server thread/INFO]: [PracticeServer] [Hearthstone] has been enabled.
[13:52:13] [Server thread/INFO]: [PracticeServer] [Altars] has been enabled.
[13:52:13] [Server thread/INFO]: [PracticeServer] [Drop Priority] has been enabled.
[13:52:13] [Server thread/INFO]: [PracticeServer] [Horses] has been enabled.
[13:52:13] [Server thread/INFO]: [PracticeServer] [ItemVendors] has been enabled.
[13:52:13] [Server thread/INFO]: [PracticeServer] Forcefield 
[13:52:13] [Server thread/INFO]: [PracticeServer] [PracticeServer] donations Enabled
[13:52:13] [Server thread/INFO]: [PracticeServer] [Listeners] has been enabled.
[13:52:13] [Server thread/INFO]: [PracticeServer] [Logout] has been enabled.
[13:52:13] [Server thread/INFO]: [PracticeServer] [LootChests] has been enabled.
[13:52:13] [Server thread/INFO]: [PracticeServer] [MerchantMechanics] has been enabled.
[13:52:13] [Server thread/INFO]: [PracticeServer] [Mining] has been enabled.
[13:52:13] [Server thread/INFO]: [PracticeServer] [MobDrops] has been enabled.
[13:52:13] [Server thread/INFO]: [PracticeServer] [Mobs] has been enabled.
[13:52:13] [Server thread/INFO]: [PracticeServer] [Parties] has been enabled.
[13:52:13] [Server thread/INFO]: [PracticeServer] [ProfessionMechanics] has been enabled.
[13:52:13] [Server thread/INFO]: [PracticeServer] [Repairing] has been enabled.
[13:52:13] [Server thread/INFO]: [PracticeServer] [Respawn] has been enabled.
[13:52:13] [Server thread/INFO]: [PracticeServer] [Spawners] has been enabled.
[13:52:13] [Server thread/INFO]: [PracticeServer] [Speedfish] has been enabled.
[13:52:13] [Server thread/INFO]: [PracticeServer] [Staffs] has been enabled.
[13:52:13] [Server thread/INFO]: [PracticeServer] [Practice Server] Economy has been enabled
[13:52:13] [Server thread/INFO]: [PracticeServer] [Toggles] has been enabled.
[13:52:13] [Server thread/INFO]: [PracticeServer] [GuildBanks] has been enabled.
[13:52:13] [Server thread/INFO]: [Trading] has been enabled.
[13:52:13] [Server thread/INFO]: [PracticeServer] [Untradeable] has been enabled.
[13:52:13] [Server thread/INFO]: [BossBarAPI] Enabling BossBarAPI v2.4.1
[13:52:13] [Server thread/INFO]: [BossBarAPI] Metrics started
[13:52:14] [Server thread/INFO]: [ViaVersion] Enabling ViaVersion v4.5.1
[13:52:14] [Server thread/INFO]: [Essentials] Enabling Essentials v2.0.1-b330
[13:52:14] [Server thread/INFO]: Using locale en_US
[13:52:14] [Server thread/INFO]: [Essentials] Using 1.8.3+ BlockStateMeta provider as mob spawner provider.
[13:52:14] [Server thread/INFO]: [Essentials] Using legacy item data provider as spawn egg provider.
[13:52:14] [Server thread/INFO]: [Essentials] Using 1.9+ BasePotionData provider as potion meta provider.
[13:52:14] [Server thread/INFO]: Using locale en_US
[13:52:14] [Server thread/INFO]: [Essentials] Starting Metrics. Opt-out using the global PluginMetrics config.
[13:52:14] [Server thread/INFO]: [Vault][Economy] Essentials Economy hooked.
[13:52:14] [Server thread/INFO]: [Essentials] Using config file enhanced permissions.
[13:52:14] [Server thread/INFO]: [Essentials] Permissions listed in as player-commands will be given to all users.
[13:52:14] [Server thread/INFO]: [Multiverse-Core] Enabling Multiverse-Core v4.3.1-b861
[13:52:14] [Server thread/INFO]: [Multiverse-Core] §aWe are aware of the warning about the deprecated event. There is no alternative that allows us to do what we need to do and performance impact is negligible. It is safe to ignore.
[13:52:14] [Server thread/WARN]: [Multiverse-Core] WorldManager: Can't load this world because the folder was deleted/moved: world4
[13:52:14] [Server thread/WARN]: [Multiverse-Core] Use '/mv remove' to remove it from the config!
[13:52:14] [Server thread/WARN]: [Multiverse-Core] WorldManager: Can't load this world because the folder was deleted/moved: Minecraft_Server
[13:52:14] [Server thread/WARN]: [Multiverse-Core] Use '/mv remove' to remove it from the config!
[13:52:14] [Server thread/WARN]: [Multiverse-Core] WorldManager: Can't load this world because the folder was deleted/moved: world4_nether
[13:52:14] [Server thread/WARN]: [Multiverse-Core] Use '/mv remove' to remove it from the config!
[13:52:14] [Server thread/WARN]: [Multiverse-Core] WorldManager: Can't load this world because the folder was deleted/moved: map_the_end
[13:52:14] [Server thread/WARN]: [Multiverse-Core] Use '/mv remove' to remove it from the config!
[13:52:14] [Server thread/WARN]: [Multiverse-Core] WorldManager: Can't load this world because the folder was deleted/moved: world_the_end
[13:52:14] [Server thread/WARN]: [Multiverse-Core] Use '/mv remove' to remove it from the config!
[13:52:14] [Server thread/WARN]: [Multiverse-Core] WorldManager: Can't load this world because the folder was deleted/moved: world
[13:52:14] [Server thread/WARN]: [Multiverse-Core] Use '/mv remove' to remove it from the config!
[13:52:14] [Server thread/WARN]: [Multiverse-Core] WorldManager: Can't load this world because the folder was deleted/moved: world_nether
[13:52:14] [Server thread/WARN]: [Multiverse-Core] Use '/mv remove' to remove it from the config!
[13:52:14] [Server thread/INFO]: -------- World Settings For [Build] --------
[13:52:14] [Server thread/INFO]: Item Despawn Rate: 6000
[13:52:14] [Server thread/INFO]: Item Merge Radius: 2.5
[13:52:14] [Server thread/INFO]: Arrow Despawn Rate: 1200
[13:52:14] [Server thread/INFO]: Allow Zombie Pigmen to spawn from portal blocks: true
[13:52:14] [Server thread/INFO]: View Distance: 10
[13:52:14] [Server thread/INFO]: Zombie Aggressive Towards Villager: true
[13:52:14] [Server thread/INFO]: Experience Merge Radius: 3.0
[13:52:14] [Server thread/INFO]: Mob Spawn Range: 4
[13:52:14] [Server thread/INFO]: Nerfing mobs spawned from spawners: false
[13:52:14] [Server thread/INFO]: Entity Activation Range: An 32 / Mo 32 / Mi 16
[13:52:14] [Server thread/INFO]: Entity Tracking Range: Pl 48 / An 48 / Mo 48 / Mi 32 / Other 64
[13:52:14] [Server thread/INFO]: Cactus Growth Modifier: 100%
[13:52:14] [Server thread/INFO]: Cane Growth Modifier: 100%
[13:52:14] [Server thread/INFO]: Melon Growth Modifier: 100%
[13:52:14] [Server thread/INFO]: Mushroom Growth Modifier: 100%
[13:52:14] [Server thread/INFO]: Pumpkin Growth Modifier: 100%
[13:52:14] [Server thread/INFO]: Sapling Growth Modifier: 100%
[13:52:14] [Server thread/INFO]: Wheat Growth Modifier: 100%
[13:52:14] [Server thread/INFO]: NetherWart Growth Modifier: 100%
[13:52:14] [Server thread/INFO]: Custom Map Seeds:  Village: 10387312 Feature: 14357617
[13:52:14] [Server thread/INFO]: Hopper Transfer: 8 Hopper Check: 8 Hopper Amount: 1
[13:52:14] [Server thread/INFO]: Max Entity Collisions: 8
[13:52:14] [Server thread/INFO]: Random Lighting Updates: false
[13:52:14] [Server thread/INFO]: Max TNT Explosions: 100
[13:52:14] [Server thread/INFO]: Tile Max Tick Time: 50ms Entity max Tick Time: 50ms
[13:52:14] [Server thread/INFO]: Structure Info Saving: true
[13:52:14] [Server thread/INFO]: Preparing start region for level 3 (Seed: -20990498363670506)
[13:52:14] [Server thread/WARN]: [Multiverse-Core] WorldManager: Can't load this world because the folder was deleted/moved: map_nether
[13:52:14] [Server thread/WARN]: [Multiverse-Core] Use '/mv remove' to remove it from the config!
[13:52:14] [Server thread/WARN]: [Multiverse-Core] WorldManager: Can't load this world because the folder was deleted/moved: world4_the_end
[13:52:14] [Server thread/WARN]: [Multiverse-Core] Use '/mv remove' to remove it from the config!
[13:52:14] [Server thread/WARN]: [Multiverse-Core] WorldManager: Can't load this world because the folder was deleted/moved: map
[13:52:14] [Server thread/WARN]: [Multiverse-Core] Use '/mv remove' to remove it from the config!
[13:52:14] [Server thread/INFO]: [Multiverse-Core] 4 - World(s) loaded.
[13:52:14] [Server thread/WARN]: [Multiverse-Core] Buscript failed to load! The script command will be disabled! If you would like not to see this message, use `/mv conf enablebuscript false` to disable Buscript from loading.
[13:52:14] [Server thread/INFO]: [Multiverse-Core] Version 4.3.1-b861 (API v24) Enabled - By dumptruckman, Rigby, fernferret, lithium3141 and main--
[13:52:14] [Server thread/INFO]: [NoCheatPlus] Enabling NoCheatPlus v3.16.0-RC-sMD5NET-b1134
[13:52:14] [Server thread/INFO]: [NoCheatPlus] McAccess set to: 1.9.4 / Spigot-CB-1.9_R2
[13:52:14] [Server thread/INFO]: [NoCheatPlus] Added block-info for Minecraft 1.5 blocks.
[13:52:14] [Server thread/INFO]: [NoCheatPlus] Added block-info for Minecraft 1.6.1 blocks.
[13:52:14] [Server thread/INFO]: [NoCheatPlus] Added block-info for Minecraft 1.7.2 blocks.
[13:52:14] [Server thread/INFO]: [NoCheatPlus] Added block-info for Minecraft 1.8 blocks.
[13:52:14] [Server thread/INFO]: [NoCheatPlus] Added block-info for Minecraft 1.9 blocks.
[13:52:14] [Server thread/INFO]: [NoCheatPlus] Update block-info: WATER_LILY block shape patch for multi client protocol support around 1.7.x - 1.11.x.
[13:52:15] [Server thread/WARN]: [NoCheatPlus] Couldn't parse action definition 'vl:6'.
[13:52:15] [Server thread/WARN]: [NoCheatPlus] Couldn't parse action definition 'vl:1'.
[13:52:15] [Server thread/WARN]: [NoCheatPlus] Couldn't parse action definition 'vl:45'.
[13:52:15] [Server thread/INFO]: [NoCheatPlus] Inventory checks: FastConsume is available, disabled InstantEat.
[13:52:15] [Server thread/WARN]: [NoCheatPlus] Failed to set up packet level access with ProtocolLib.
[13:52:15] [Server thread/INFO]: [NoCheatPlus] Force disable FastHeal on Minecraft 1.9 and later.
[13:52:15] [Server thread/INFO]: [NoCheatPlus] Version 3.16.0-RC-sMD5NET-b1134 is enabled.
[13:52:15] [Server thread/INFO]: [Citizens] Enabling Citizens v2.0.24-SNAPSHOT (build 1605)
[13:52:15] [Server thread/INFO]: [Citizens] Could not fetch NMS field modifiers: modifiers.
[13:52:15] [Server thread/ERROR]: [Citizens] v2.0.24-SNAPSHOT (build 1605) is not compatible with Minecraft v1_12_R1 - try upgrading or downgrading Citizens. Disabling.
[13:52:15] [Server thread/INFO]: [Citizens] Disabling Citizens v2.0.24-SNAPSHOT (build 1605)
[13:52:15] [Server thread/INFO]: [VanishNoPacket] Enabling VanishNoPacket v3.20
[13:52:15] [Server thread/INFO]: [VanishNoPacket] Colored nametags enabled, but I couldn't find TagAPI
[13:52:15] [Server thread/INFO]: [VanishNoPacket] For awesome colored nametags on vanish, visit
[13:52:15] [Server thread/INFO]: [VanishNoPacket] http://dev.bukkit.org/server-mods/tag/ 
[13:52:15] [Server thread/INFO]: [VanishNoPacket] and download TagAPI.jar
[13:52:15] [Server thread/INFO]: [VanishNoPacket] 3.20 loaded.
[13:52:15] [Server thread/INFO]: [VoxelSniper] Enabling VoxelSniper v5.172.0-SNAPSHOT
[13:52:15] [Server thread/INFO]: [VoxelSniper] Registered 75 Sniper Brushes with 149 handles.
[13:52:15] [Server thread/INFO]: [VoxelSniper] Registered Sniper Listener.
[13:52:15] [Server thread/INFO]: [TabAPI] Enabling TabAPI v3.6.1
[13:52:15] [Server thread/ERROR]: Error occurred while enabling TabAPI v3.6.1 (Is it up to date?)
java.lang.NoClassDefFoundError: com/comphenix/protocol/ProtocolLibrary
	at org.mcsg.double0negative.tabapi.TabAPI.onEnable(TabAPI.java:81) ~[?:?]
	at org.bukkit.plugin.java.JavaPlugin.setEnabled(JavaPlugin.java:292) ~[patched_1.9.4.jar:git-Paper-775]
	at org.bukkit.plugin.java.JavaPluginLoader.enablePlugin(JavaPluginLoader.java:319) [patched_1.9.4.jar:git-Paper-775]
	at org.bukkit.plugin.SimplePluginManager.enablePlugin(SimplePluginManager.java:407) [patched_1.9.4.jar:git-Paper-775]
	at org.bukkit.craftbukkit.v1_12_R1.CraftServer.loadPlugin(CraftServer.java:358) [patched_1.9.4.jar:git-Paper-775]
	at org.bukkit.craftbukkit.v1_12_R1.CraftServer.enablePlugins(CraftServer.java:318) [patched_1.9.4.jar:git-Paper-775]
	at net.minecraft.server.v1_12_R1.MinecraftServer.t(MinecraftServer.java:414) [patched_1.9.4.jar:git-Paper-775]
	at net.minecraft.server.v1_12_R1.MinecraftServer.l(MinecraftServer.java:379) [patched_1.9.4.jar:git-Paper-775]
	at net.minecraft.server.v1_12_R1.MinecraftServer.a(MinecraftServer.java:333) [patched_1.9.4.jar:git-Paper-775]
	at net.minecraft.server.v1_12_R1.DedicatedServer.init(DedicatedServer.java:272) [patched_1.9.4.jar:git-Paper-775]
	at net.minecraft.server.v1_12_R1.MinecraftServer.run(MinecraftServer.java:573) [patched_1.9.4.jar:git-Paper-775]
	at java.lang.Thread.run(Thread.java:1589) [?:?]
Caused by: java.lang.ClassNotFoundException: com.comphenix.protocol.ProtocolLibrary
	at java.net.URLClassLoader.findClass(URLClassLoader.java:445) ~[?:?]
	at org.bukkit.plugin.java.PluginClassLoader.findClass(PluginClassLoader.java:102) ~[patched_1.9.4.jar:git-Paper-775]
	at org.bukkit.plugin.java.PluginClassLoader.findClass(PluginClassLoader.java:87) ~[patched_1.9.4.jar:git-Paper-775]
	at java.lang.ClassLoader.loadClass(ClassLoader.java:588) ~[?:?]
	at java.lang.ClassLoader.loadClass(ClassLoader.java:521) ~[?:?]
	... 12 more
[13:52:15] [Server thread/INFO]: [TabAPI] Disabling TabAPI v3.6.1
[13:52:15] [Server thread/INFO]: [WorldEdit] Enabling WorldEdit v6.1.5;4651611
[13:52:15] [Server thread/INFO]: WEPIF: Using the Bukkit Permissions API.
[13:52:15] [Server thread/INFO]: [WorldEdit] Using com.sk89q.worldedit.bukkit.adapter.impl.Spigot_v1_12_R1 as the Bukkit adapter
[13:52:15] [Server thread/WARN]: [WorldEdit] WorldEdit has detected you are using Java 7 (based on detected version 19.0.1).
[13:52:15] [Server thread/WARN]: [WorldEdit] WorldEdit will stop supporting Java less than version 8 in the future, due to Java 7 being EOL since April 2015. Please update your server to Java 8.
[13:52:15] [Server thread/INFO]: [NoCollide] Enabling NoCollide v1.9-4
[13:52:15] [Server thread/INFO]: [HolographicDisplays] Enabling HolographicDisplays v2.4.2
[13:52:15] [Server thread/WARN]: [HolographicDisplays] Could not find a valid 'speed: <number>' in the first line of the file 'example.yml'. Default speed of 0.5 seconds will be used.
[13:52:15] [Server thread/INFO]: [Holograms] Enabling Holograms v2.13
[13:52:15] [Server thread/INFO]: [Holograms] HologramEntityController set to: com.sainttx.holograms.nms.v1_12_R1.HologramEntityControllerImpl
[13:52:15] [Server thread/INFO]: [WorldGuard] Enabling WorldGuard v6.1.3-SNAPSHOT;c904242
[13:52:15] [Server thread/INFO]: [WorldGuard] (jew) TNT ignition is PERMITTED.
[13:52:15] [Server thread/INFO]: [WorldGuard] (jew) Lighters are PERMITTED.
[13:52:15] [Server thread/INFO]: [WorldGuard] (jew) Lava fire is blocked.
[13:52:15] [Server thread/INFO]: [WorldGuard] (jew) Fire spread is UNRESTRICTED.
[13:52:15] [Server thread/INFO]: [WorldGuard] Loaded configuration for world 'jew'
[13:52:15] [Server thread/INFO]: [WorldGuard] (jew_nether) TNT ignition is PERMITTED.
[13:52:15] [Server thread/INFO]: [WorldGuard] (jew_nether) Lighters are PERMITTED.
[13:52:15] [Server thread/INFO]: [WorldGuard] (jew_nether) Lava fire is blocked.
[13:52:15] [Server thread/INFO]: [WorldGuard] (jew_nether) Fire spread is UNRESTRICTED.
[13:52:15] [Server thread/INFO]: [WorldGuard] Loaded configuration for world 'jew_nether'
[13:52:15] [Server thread/INFO]: [WorldGuard] (jew_the_end) TNT ignition is PERMITTED.
[13:52:15] [Server thread/INFO]: [WorldGuard] (jew_the_end) Lighters are PERMITTED.
[13:52:15] [Server thread/INFO]: [WorldGuard] (jew_the_end) Lava fire is blocked.
[13:52:15] [Server thread/INFO]: [WorldGuard] (jew_the_end) Fire spread is UNRESTRICTED.
[13:52:15] [Server thread/INFO]: [WorldGuard] Loaded configuration for world 'jew_the_end'
[13:52:15] [Server thread/INFO]: [WorldGuard] (Build) TNT ignition is PERMITTED.
[13:52:15] [Server thread/INFO]: [WorldGuard] (Build) Lighters are PERMITTED.
[13:52:15] [Server thread/INFO]: [WorldGuard] (Build) Lava fire is blocked.
[13:52:15] [Server thread/INFO]: [WorldGuard] (Build) Fire spread is UNRESTRICTED.
[13:52:15] [Server thread/INFO]: [WorldGuard] Loaded configuration for world 'Build'
[13:52:15] [Server thread/INFO]: [WorldGuard] Loading region data...
[13:52:15] [Server thread/INFO]: [WGRegionEvents] Enabling WGRegionEvents vS_Ryan
[13:52:15] [Server thread/INFO]: [WGRegionEvents] [WGRegionEvents] Version: 2.1.0
[13:52:15] [Server thread/INFO]: [WGRegionEvents] [WGRegionEvents] Successfully Enabled.
[13:52:16] [Server thread/INFO]: Done (3.514s)! For help, type "help" or "?"
[13:52:16] [Server thread/INFO]: Stopping server
[13:52:16] [Server thread/INFO]: [WGRegionEvents] Disabling WGRegionEvents vS_Ryan
[13:52:16] [Server thread/INFO]: [WGRegionEvents] [WGRegionEvents] Disabled.
[13:52:16] [Server thread/INFO]: [WorldGuard] Disabling WorldGuard v6.1.3-SNAPSHOT;c904242
[13:52:16] [Server thread/INFO]: [WorldGuard] Shutting down executor and waiting for any pending tasks...
[13:52:16] [Server thread/INFO]: [Holograms] Disabling Holograms v2.13
[13:52:16] [Server thread/INFO]: [HolographicDisplays] Disabling HolographicDisplays v2.4.2
[13:52:16] [Server thread/INFO]: [NoCollide] Disabling NoCollide v1.9-4
[13:52:16] [Server thread/INFO]: [WorldEdit] Disabling WorldEdit v6.1.5;4651611
[13:52:16] [Server thread/INFO]: [VoxelSniper] Disabling VoxelSniper v5.172.0-SNAPSHOT
[13:52:16] [Server thread/INFO]: [VanishNoPacket] Disabling VanishNoPacket v3.20
[13:52:16] [Server thread/INFO]: [VanishNoPacket] 3.20 unloaded.
[13:52:16] [Server thread/INFO]: [NoCheatPlus] Disabling NoCheatPlus v3.16.0-RC-sMD5NET-b1134
[13:52:16] [Server thread/INFO]: [NoCheatPlus] Added hook: AllViolations(NCP) [1.0].
[13:52:16] [Server thread/INFO]: [NoCheatPlus] Removed hook: AllViolations(NCP) [1.0].
[13:52:16] [Server thread/INFO]: [NoCheatPlus] Version 3.16.0-RC-sMD5NET-b1134 is disabled.
[13:52:16] [Server thread/INFO]: [Multiverse-Core] Disabling Multiverse-Core v4.3.1-b861
[13:52:16] [Server thread/INFO]: [FastAsyncVoxelSniper] Disabling FastAsyncVoxelSniper v21.03.26-5ff3a9b-1286-22.3.9
[13:52:16] [Server thread/INFO]: [Essentials] Disabling Essentials v2.0.1-b330
[13:52:16] [Server thread/INFO]: [Vault][Economy] Essentials Economy unhooked.
[13:52:16] [Server thread/INFO]: [Vault] Disabling Vault v1.5.6-b49
[13:52:16] [Server thread/INFO]: [ViaVersion] Disabling ViaVersion v4.5.1
[13:52:16] [Server thread/INFO]: [ViaVersion] ViaVersion is disabling, if this is a reload and you experience issues consider rebooting.
[13:52:16] [Server thread/INFO]: [BossBarAPI] Disabling BossBarAPI v2.4.1
[13:52:16] [Server thread/INFO]: [PracticeServer] Disabling PracticeServer v1.1.0
[13:52:16] [Server thread/INFO]: [PracticeServer] [RetroDB] has been Disabled
[13:52:16] [Server thread/INFO]: Red is really gay

[13:52:16] [Server thread/INFO]: [Trading] has been disabled.
[13:52:16] [Server thread/INFO]: [PracticeServer] [Practice Server] Economy has been disabled
[13:52:16] [Server thread/INFO]: [PracticeServer] [Logout] has been disabled.
[13:52:16] [Server thread/INFO]: [PracticeServer] [Buddies] has been disabled.
[13:52:16] [Server thread/INFO]: [PracticeServer] [Alignments] has been disabled.
[13:52:16] [Server thread/INFO]: [PracticeServer] [Antibuild] has been disabled.
[13:52:16] [Server thread/INFO]: [PracticeServer] [Banks] has been disabled.
[13:52:16] [Server thread/INFO]: [PracticeServer] [LootChests] has been disabled.
[13:52:16] [Server thread/INFO]: [PracticeServer] [Spawners] has been disabled.
[13:52:17] [Server thread/INFO]: [PracticeServer] [ChatMechanics] has been disabled.
[13:52:17] [Server thread/INFO]: [PracticeServer] [Durability] has been disabled.
[13:52:17] [Server thread/INFO]: [PracticeServer] [Enchants] has been disabled.
[13:52:17] [Server thread/INFO]: [PracticeServer] [DropPriority] has been disabled.
[13:52:17] [Server thread/INFO]: [PracticeServer] [Energy] has been disabled.
[13:52:17] [Server thread/INFO]: [PracticeServer] [GemPouches] has been disabled.
[13:52:17] [Server thread/INFO]: [PracticeServer] [Hearthstone] has been disabled.
[13:52:17] [Server thread/INFO]: [PracticeServer] [Horses] has been disabled.
[13:52:17] [Server thread/INFO]: [PracticeServer] [ItemVendors] has been disabled.
[13:52:17] [Server thread/INFO]: [PracticeServer] [Listeners] has been disabled.
[13:52:17] [Server thread/INFO]: [PracticeServer] [MerchantMechanics] has been disabled.
[13:52:17] [Server thread/INFO]: [PracticeServer] [Mining] has been disabled.
[13:52:17] [Server thread/INFO]: [PracticeServer] [MobDrops] has been disabled.
[13:52:17] [Server thread/INFO]: [PracticeServer] [Mobs] has been disabled.
[13:52:17] [Server thread/INFO]: [PracticeServer] [Parties] has been disabled.
[13:52:17] [Server thread/INFO]: [PracticeServer] [ProfessionMechanics] has been disabled.
[13:52:17] [Server thread/INFO]: [Merchant] has been disabled

[13:52:17] [Server thread/INFO]: [PracticeServer] [Repairing] has been disabled.
[13:52:17] [Server thread/INFO]: [PracticeServer] [Respawn] has been disabled.
[13:52:17] [Server thread/INFO]: [PracticeServer] [Speedfish] has been disabled.
[13:52:17] [Server thread/INFO]: [PracticeServer] [Staffs] has been disabled.
[13:52:17] [Server thread/INFO]: [PracticeServer] [Toggles] has been disabled.
[13:52:17] [Server thread/INFO]: [PracticeServer] [Untradeable] has been disabled.
[13:52:17] [Server thread/INFO]: [PracticeServer] [Banks] has been disabled.
[13:52:17] [Server thread/INFO]: [HamsterAPI] Disabling HamsterAPI v0.2.3
[13:52:17] [Server thread/INFO]: [GlowAPI] Disabling GlowAPI v1.4.4
[13:52:17] [Server thread/INFO]: [PacketListenerApi] Disabling PacketListenerApi v3.4.0
[13:52:17] [Server thread/INFO]: Removing channels for online players...
[13:52:17] [Server thread/INFO]: Removing packet handlers (1)...
[13:52:17] [Server thread/INFO]: [NoCollisionPlugin] Disabling NoCollisionPlugin v2.3
[13:52:17] [Server thread/INFO]: Saving players
[13:52:17] [Server thread/INFO]: Saving worlds
[13:52:17] [Server thread/INFO]: Saving chunks for level 'jew'/Overworld
[13:52:17] [Server thread/INFO]: Saving chunks for level 'jew_nether'/Nether
[13:52:17] [Server thread/INFO]: Saving chunks for level 'jew_the_end'/The End
[13:52:17] [Server thread/INFO]: Saving chunks for level 'Build'/Overworld
